[1.525s] Invoking command in '/home/ubuntu/Software/ROS2/Bailey_2/bailey/build/bailey_drive': PYTHONPATH=/home/ubuntu/Software/ROS2/Bailey_2/bailey/install/bailey_drive/lib/python3.8/site-packages:${PYTHONPATH} /usr/bin/python3 setup.py develop --prefix /home/ubuntu/Software/ROS2/Bailey_2/bailey/install/bailey_drive --uninstall --editable --build-directory /home/ubuntu/Software/ROS2/Bailey_2/bailey/build/bailey_drive/build
[2.645s] running develop
[3.444s] Invoked command in '/home/ubuntu/Software/ROS2/Bailey_2/bailey/build/bailey_drive' returned '0': PYTHONPATH=/home/ubuntu/Software/ROS2/Bailey_2/bailey/install/bailey_drive/lib/python3.8/site-packages:${PYTHONPATH} /usr/bin/python3 setup.py develop --prefix /home/ubuntu/Software/ROS2/Bailey_2/bailey/install/bailey_drive --uninstall --editable --build-directory /home/ubuntu/Software/ROS2/Bailey_2/bailey/build/bailey_drive/build
[3.460s] Invoking command in '/home/ubuntu/Software/ROS2/Bailey_2/bailey/src/bailey_drive': PYTHONPATH=/home/ubuntu/Software/ROS2/Bailey_2/bailey/install/bailey_drive/lib/python3.8/site-packages:${PYTHONPATH} /usr/bin/python3 setup.py egg_info --egg-base ../../build/bailey_drive build --build-base /home/ubuntu/Software/ROS2/Bailey_2/bailey/build/bailey_drive/build install --prefix /home/ubuntu/Software/ROS2/Bailey_2/bailey/install/bailey_drive --record /home/ubuntu/Software/ROS2/Bailey_2/bailey/build/bailey_drive/install.log --single-version-externally-managed
[4.557s] running egg_info
[4.561s] writing ../../build/bailey_drive/bailey_drive.egg-info/PKG-INFO
[4.579s] writing dependency_links to ../../build/bailey_drive/bailey_drive.egg-info/dependency_links.txt
[4.593s] writing entry points to ../../build/bailey_drive/bailey_drive.egg-info/entry_points.txt
[4.604s] writing requirements to ../../build/bailey_drive/bailey_drive.egg-info/requires.txt
[4.617s] writing top-level names to ../../build/bailey_drive/bailey_drive.egg-info/top_level.txt
[4.803s] reading manifest file '../../build/bailey_drive/bailey_drive.egg-info/SOURCES.txt'
[4.824s] writing manifest file '../../build/bailey_drive/bailey_drive.egg-info/SOURCES.txt'
[4.833s] running build
[4.833s] running build_py
[4.858s] copying bailey_drive/bailey_drive.py -> /home/ubuntu/Software/ROS2/Bailey_2/bailey/build/bailey_drive/build/lib/bailey_drive
[4.885s] running install
[4.890s] running install_lib
[4.907s] copying /home/ubuntu/Software/ROS2/Bailey_2/bailey/build/bailey_drive/build/lib/bailey_drive/bailey_drive.py -> /home/ubuntu/Software/ROS2/Bailey_2/bailey/install/bailey_drive/lib/python3.8/site-packages/bailey_drive
[4.943s] byte-compiling /home/ubuntu/Software/ROS2/Bailey_2/bailey/install/bailey_drive/lib/python3.8/site-packages/bailey_drive/bailey_drive.py to bailey_drive.cpython-38.pyc
[4.961s]   File "/home/ubuntu/Software/ROS2/Bailey_2/bailey/install/bailey_drive/lib/python3.8/site-packages/bailey_drive/bailey_drive.py", line 70
[4.961s]     import .stepper_lib  as RpiMotorLib
[4.962s]            ^
[4.962s] SyntaxError: invalid syntax
[4.963s] 
[4.963s] running install_data
[4.974s] running install_egg_info
[4.983s] removing '/home/ubuntu/Software/ROS2/Bailey_2/bailey/install/bailey_drive/lib/python3.8/site-packages/bailey_drive-0.0.0-py3.8.egg-info' (and everything under it)
[5.012s] Copying ../../build/bailey_drive/bailey_drive.egg-info to /home/ubuntu/Software/ROS2/Bailey_2/bailey/install/bailey_drive/lib/python3.8/site-packages/bailey_drive-0.0.0-py3.8.egg-info
[5.246s] running install_scripts
[5.337s] Installing ros2_bailey_drive script to /home/ubuntu/Software/ROS2/Bailey_2/bailey/install/bailey_drive/lib/bailey_drive
[5.352s] writing list of installed files to '/home/ubuntu/Software/ROS2/Bailey_2/bailey/build/bailey_drive/install.log'
[5.465s] Invoked command in '/home/ubuntu/Software/ROS2/Bailey_2/bailey/src/bailey_drive' returned '0': PYTHONPATH=/home/ubuntu/Software/ROS2/Bailey_2/bailey/install/bailey_drive/lib/python3.8/site-packages:${PYTHONPATH} /usr/bin/python3 setup.py egg_info --egg-base ../../build/bailey_drive build --build-base /home/ubuntu/Software/ROS2/Bailey_2/bailey/build/bailey_drive/build install --prefix /home/ubuntu/Software/ROS2/Bailey_2/bailey/install/bailey_drive --record /home/ubuntu/Software/ROS2/Bailey_2/bailey/build/bailey_drive/install.log --single-version-externally-managed
