[1.924s] DEBUG:colcon:Command line arguments: ['/home/ubuntu/.local/bin/colcon', 'build', '--packages-select', 'bailey_drive']
[1.925s] DEBUG:colcon:Parsed command line arguments: Namespace(ament_cmake_args=None, base_paths=['.'], build_base='build', catkin_cmake_args=None, catkin_skip_building_tests=False, cmake_args=None, cmake_clean_cache=False, cmake_clean_first=False, cmake_force_configure=False, cmake_target=None, cmake_target_skip_unavailable=False, continue_on_error=False, event_handlers=None, executor='parallel', ignore_user_meta=False, install_base='install', log_base=None, log_level=None, main=<bound method BuildVerb.main of <colcon_core.verb.build.BuildVerb object at 0xffffa1af9460>>, merge_install=False, metas=['./colcon.meta'], packages_above=None, packages_above_and_dependencies=None, packages_above_depth=None, packages_end=None, packages_ignore=None, packages_ignore_regex=None, packages_select=['bailey_drive'], packages_select_build_failed=False, packages_select_by_dep=None, packages_select_regex=None, packages_select_test_failures=False, packages_skip=None, packages_skip_build_finished=False, packages_skip_by_dep=None, packages_skip_regex=None, packages_skip_test_passed=False, packages_skip_up_to=None, packages_start=None, packages_up_to=None, packages_up_to_regex=None, parallel_workers=4, paths=None, symlink_install=False, test_result_base=None, verb_extension=<colcon_core.verb.build.BuildVerb object at 0xffffa1af9460>, verb_name='build', verb_parser=<colcon_defaults.argument_parser.defaults.DefaultArgumentsDecorator object at 0xffffa128a6a0>)
[1.968s] Level 1:colcon.colcon_core.package_discovery:discover_packages(colcon_meta) check parameters
[1.969s] Level 1:colcon.colcon_core.package_discovery:discover_packages(recursive) check parameters
[1.969s] Level 1:colcon.colcon_core.package_discovery:discover_packages(ignore) check parameters
[1.969s] Level 1:colcon.colcon_core.package_discovery:discover_packages(path) check parameters
[1.969s] Level 1:colcon.colcon_core.package_discovery:discover_packages(colcon_meta) discover
[1.970s] Level 1:colcon.colcon_core.package_discovery:discover_packages(recursive) discover
[1.970s] INFO:colcon.colcon_core.package_discovery:Crawling recursively for packages in '/home/ubuntu/Software/ROS2/Bailey_2/bailey'
[1.971s] Level 1:colcon.colcon_core.package_identification:_identify(.) by extensions ['ignore', 'ignore_ament_install']
[1.972s] Level 1:colcon.colcon_core.package_identification:_identify(.) by extension 'ignore'
[1.972s] Level 1:colcon.colcon_core.package_identification:_identify(.) by extension 'ignore_ament_install'
[1.973s] Level 1:colcon.colcon_core.package_identification:_identify(.) by extensions ['colcon_pkg']
[1.973s] Level 1:colcon.colcon_core.package_identification:_identify(.) by extension 'colcon_pkg'
[1.973s] Level 1:colcon.colcon_core.package_identification:_identify(.) by extensions ['colcon_meta']
[1.973s] Level 1:colcon.colcon_core.package_identification:_identify(.) by extension 'colcon_meta'
[1.973s] Level 1:colcon.colcon_core.package_identification:_identify(.) by extensions ['ros']
[1.974s] Level 1:colcon.colcon_core.package_identification:_identify(.) by extension 'ros'
[2.026s] Level 1:colcon.colcon_core.package_identification:_identify(.) by extensions ['cmake', 'python']
[2.026s] Level 1:colcon.colcon_core.package_identification:_identify(.) by extension 'cmake'
[2.026s] Level 1:colcon.colcon_core.package_identification:_identify(.) by extension 'python'
[2.026s] Level 1:colcon.colcon_core.package_identification:_identify(.) by extensions ['python_setup_py']
[2.027s] Level 1:colcon.colcon_core.package_identification:_identify(.) by extension 'python_setup_py'
[2.028s] Level 1:colcon.colcon_core.package_identification:_identify(build) by extensions ['ignore', 'ignore_ament_install']
[2.029s] Level 1:colcon.colcon_core.package_identification:_identify(build) by extension 'ignore'
[2.029s] Level 1:colcon.colcon_core.package_identification:_identify(build) ignored
[2.031s] Level 1:colcon.colcon_core.package_identification:_identify(install) by extensions ['ignore', 'ignore_ament_install']
[2.032s] Level 1:colcon.colcon_core.package_identification:_identify(install) by extension 'ignore'
[2.032s] Level 1:colcon.colcon_core.package_identification:_identify(install) ignored
[2.040s] Level 1:colcon.colcon_core.package_identification:_identify(log) by extensions ['ignore', 'ignore_ament_install']
[2.041s] Level 1:colcon.colcon_core.package_identification:_identify(log) by extension 'ignore'
[2.041s] Level 1:colcon.colcon_core.package_identification:_identify(log) ignored
[2.043s] Level 1:colcon.colcon_core.package_identification:_identify(src) by extensions ['ignore', 'ignore_ament_install']
[2.044s] Level 1:colcon.colcon_core.package_identification:_identify(src) by extension 'ignore'
[2.044s] Level 1:colcon.colcon_core.package_identification:_identify(src) by extension 'ignore_ament_install'
[2.044s] Level 1:colcon.colcon_core.package_identification:_identify(src) by extensions ['colcon_pkg']
[2.044s] Level 1:colcon.colcon_core.package_identification:_identify(src) by extension 'colcon_pkg'
[2.045s] Level 1:colcon.colcon_core.package_identification:_identify(src) by extensions ['colcon_meta']
[2.045s] Level 1:colcon.colcon_core.package_identification:_identify(src) by extension 'colcon_meta'
[2.045s] Level 1:colcon.colcon_core.package_identification:_identify(src) by extensions ['ros']
[2.045s] Level 1:colcon.colcon_core.package_identification:_identify(src) by extension 'ros'
[2.046s] Level 1:colcon.colcon_core.package_identification:_identify(src) by extensions ['cmake', 'python']
[2.046s] Level 1:colcon.colcon_core.package_identification:_identify(src) by extension 'cmake'
[2.046s] Level 1:colcon.colcon_core.package_identification:_identify(src) by extension 'python'
[2.047s] Level 1:colcon.colcon_core.package_identification:_identify(src) by extensions ['python_setup_py']
[2.047s] Level 1:colcon.colcon_core.package_identification:_identify(src) by extension 'python_setup_py'
[2.049s] Level 1:colcon.colcon_core.package_identification:_identify(src/bailey_drive) by extensions ['ignore', 'ignore_ament_install']
[2.050s] Level 1:colcon.colcon_core.package_identification:_identify(src/bailey_drive) by extension 'ignore'
[2.050s] Level 1:colcon.colcon_core.package_identification:_identify(src/bailey_drive) by extension 'ignore_ament_install'
[2.051s] Level 1:colcon.colcon_core.package_identification:_identify(src/bailey_drive) by extensions ['colcon_pkg']
[2.051s] Level 1:colcon.colcon_core.package_identification:_identify(src/bailey_drive) by extension 'colcon_pkg'
[2.051s] Level 1:colcon.colcon_core.package_identification:_identify(src/bailey_drive) by extensions ['colcon_meta']
[2.051s] Level 1:colcon.colcon_core.package_identification:_identify(src/bailey_drive) by extension 'colcon_meta'
[2.052s] Level 1:colcon.colcon_core.package_identification:_identify(src/bailey_drive) by extensions ['ros']
[2.052s] Level 1:colcon.colcon_core.package_identification:_identify(src/bailey_drive) by extension 'ros'
[2.078s] DEBUG:colcon.colcon_core.package_identification:Package 'src/bailey_drive' with type 'ros.ament_python' and name 'bailey_drive'
[2.080s] Level 1:colcon.colcon_core.package_identification:_identify(src/camera) by extensions ['ignore', 'ignore_ament_install']
[2.081s] Level 1:colcon.colcon_core.package_identification:_identify(src/camera) by extension 'ignore'
[2.081s] Level 1:colcon.colcon_core.package_identification:_identify(src/camera) by extension 'ignore_ament_install'
[2.082s] Level 1:colcon.colcon_core.package_identification:_identify(src/camera) by extensions ['colcon_pkg']
[2.082s] Level 1:colcon.colcon_core.package_identification:_identify(src/camera) by extension 'colcon_pkg'
[2.082s] Level 1:colcon.colcon_core.package_identification:_identify(src/camera) by extensions ['colcon_meta']
[2.082s] Level 1:colcon.colcon_core.package_identification:_identify(src/camera) by extension 'colcon_meta'
[2.082s] Level 1:colcon.colcon_core.package_identification:_identify(src/camera) by extensions ['ros']
[2.083s] Level 1:colcon.colcon_core.package_identification:_identify(src/camera) by extension 'ros'
[2.109s] DEBUG:colcon.colcon_core.package_identification:Package 'src/camera' with type 'ros.ament_python' and name 'camera'
[2.111s] Level 1:colcon.colcon_core.package_identification:_identify(src/camera_pan_tilt) by extensions ['ignore', 'ignore_ament_install']
[2.112s] Level 1:colcon.colcon_core.package_identification:_identify(src/camera_pan_tilt) by extension 'ignore'
[2.112s] Level 1:colcon.colcon_core.package_identification:_identify(src/camera_pan_tilt) by extension 'ignore_ament_install'
[2.112s] Level 1:colcon.colcon_core.package_identification:_identify(src/camera_pan_tilt) by extensions ['colcon_pkg']
[2.113s] Level 1:colcon.colcon_core.package_identification:_identify(src/camera_pan_tilt) by extension 'colcon_pkg'
[2.113s] Level 1:colcon.colcon_core.package_identification:_identify(src/camera_pan_tilt) by extensions ['colcon_meta']
[2.113s] Level 1:colcon.colcon_core.package_identification:_identify(src/camera_pan_tilt) by extension 'colcon_meta'
[2.114s] Level 1:colcon.colcon_core.package_identification:_identify(src/camera_pan_tilt) by extensions ['ros']
[2.114s] Level 1:colcon.colcon_core.package_identification:_identify(src/camera_pan_tilt) by extension 'ros'
[2.130s] DEBUG:colcon.colcon_core.package_identification:Package 'src/camera_pan_tilt' with type 'ros.ament_python' and name 'camera_pan_tilt'
[2.132s] Level 1:colcon.colcon_core.package_identification:_identify(src/jetbot_sys_info) by extensions ['ignore', 'ignore_ament_install']
[2.133s] Level 1:colcon.colcon_core.package_identification:_identify(src/jetbot_sys_info) by extension 'ignore'
[2.133s] Level 1:colcon.colcon_core.package_identification:_identify(src/jetbot_sys_info) by extension 'ignore_ament_install'
[2.134s] Level 1:colcon.colcon_core.package_identification:_identify(src/jetbot_sys_info) by extensions ['colcon_pkg']
[2.134s] Level 1:colcon.colcon_core.package_identification:_identify(src/jetbot_sys_info) by extension 'colcon_pkg'
[2.134s] Level 1:colcon.colcon_core.package_identification:_identify(src/jetbot_sys_info) by extensions ['colcon_meta']
[2.134s] Level 1:colcon.colcon_core.package_identification:_identify(src/jetbot_sys_info) by extension 'colcon_meta'
[2.135s] Level 1:colcon.colcon_core.package_identification:_identify(src/jetbot_sys_info) by extensions ['ros']
[2.135s] Level 1:colcon.colcon_core.package_identification:_identify(src/jetbot_sys_info) by extension 'ros'
[2.151s] DEBUG:colcon.colcon_core.package_identification:Package 'src/jetbot_sys_info' with type 'ros.ament_python' and name 'jetbot_sys_info'
[2.153s] Level 1:colcon.colcon_core.package_identification:_identify(src/ros2_rtimulib) by extensions ['ignore', 'ignore_ament_install']
[2.153s] Level 1:colcon.colcon_core.package_identification:_identify(src/ros2_rtimulib) by extension 'ignore'
[2.154s] Level 1:colcon.colcon_core.package_identification:_identify(src/ros2_rtimulib) by extension 'ignore_ament_install'
[2.154s] Level 1:colcon.colcon_core.package_identification:_identify(src/ros2_rtimulib) by extensions ['colcon_pkg']
[2.154s] Level 1:colcon.colcon_core.package_identification:_identify(src/ros2_rtimulib) by extension 'colcon_pkg'
[2.155s] Level 1:colcon.colcon_core.package_identification:_identify(src/ros2_rtimulib) by extensions ['colcon_meta']
[2.155s] Level 1:colcon.colcon_core.package_identification:_identify(src/ros2_rtimulib) by extension 'colcon_meta'
[2.155s] Level 1:colcon.colcon_core.package_identification:_identify(src/ros2_rtimulib) by extensions ['ros']
[2.156s] Level 1:colcon.colcon_core.package_identification:_identify(src/ros2_rtimulib) by extension 'ros'
[2.172s] DEBUG:colcon.colcon_core.package_identification:Package 'src/ros2_rtimulib' with type 'ros.ament_python' and name 'ros2_rtimulib'
[2.172s] Level 1:colcon.colcon_core.package_discovery:discover_packages(recursive) using defaults
[2.173s] Level 1:colcon.colcon_core.package_discovery:discover_packages(ignore) discover
[2.173s] Level 1:colcon.colcon_core.package_discovery:discover_packages(ignore) using defaults
[2.173s] Level 1:colcon.colcon_core.package_discovery:discover_packages(path) discover
[2.173s] Level 1:colcon.colcon_core.package_discovery:discover_packages(path) using defaults
[2.251s] INFO:colcon.colcon_core.package_selection:Skipping not selected package 'camera' in 'src/camera'
[2.252s] INFO:colcon.colcon_core.package_selection:Skipping not selected package 'camera_pan_tilt' in 'src/camera_pan_tilt'
[2.252s] INFO:colcon.colcon_core.package_selection:Skipping not selected package 'jetbot_sys_info' in 'src/jetbot_sys_info'
[2.252s] INFO:colcon.colcon_core.package_selection:Skipping not selected package 'ros2_rtimulib' in 'src/ros2_rtimulib'
[2.265s] Level 5:colcon.colcon_core.verb:set package 'bailey_drive' build argument 'cmake_args' from command line to 'None'
[2.265s] Level 5:colcon.colcon_core.verb:set package 'bailey_drive' build argument 'cmake_target' from command line to 'None'
[2.265s] Level 5:colcon.colcon_core.verb:set package 'bailey_drive' build argument 'cmake_target_skip_unavailable' from command line to 'False'
[2.265s] Level 5:colcon.colcon_core.verb:set package 'bailey_drive' build argument 'cmake_clean_cache' from command line to 'False'
[2.266s] Level 5:colcon.colcon_core.verb:set package 'bailey_drive' build argument 'cmake_clean_first' from command line to 'False'
[2.266s] Level 5:colcon.colcon_core.verb:set package 'bailey_drive' build argument 'cmake_force_configure' from command line to 'False'
[2.266s] Level 5:colcon.colcon_core.verb:set package 'bailey_drive' build argument 'ament_cmake_args' from command line to 'None'
[2.266s] Level 5:colcon.colcon_core.verb:set package 'bailey_drive' build argument 'catkin_cmake_args' from command line to 'None'
[2.266s] Level 5:colcon.colcon_core.verb:set package 'bailey_drive' build argument 'catkin_skip_building_tests' from command line to 'False'
[2.266s] DEBUG:colcon.colcon_core.verb:Building package 'bailey_drive' with the following arguments: {'ament_cmake_args': None, 'build_base': '/home/ubuntu/Software/ROS2/Bailey_2/bailey/build/bailey_drive', 'catkin_cmake_args': None, 'catkin_skip_building_tests': False, 'cmake_args': None, 'cmake_clean_cache': False, 'cmake_clean_first': False, 'cmake_force_configure': False, 'cmake_target': None, 'cmake_target_skip_unavailable': False, 'install_base': '/home/ubuntu/Software/ROS2/Bailey_2/bailey/install/bailey_drive', 'merge_install': False, 'path': '/home/ubuntu/Software/ROS2/Bailey_2/bailey/src/bailey_drive', 'symlink_install': False, 'test_result_base': None}
[2.268s] INFO:colcon.colcon_core.executor:Executing jobs using 'parallel' executor
[2.275s] DEBUG:colcon.colcon_parallel_executor.executor.parallel:run_until_complete
[2.312s] INFO:colcon.colcon_ros.task.ament_python.build:Building ROS package in '/home/ubuntu/Software/ROS2/Bailey_2/bailey/src/bailey_drive' with build type 'ament_python'
[2.313s] Level 1:colcon.colcon_core.shell:create_environment_hook('bailey_drive', 'ament_prefix_path')
[2.329s] INFO:colcon.colcon_core.plugin_system:Skipping extension 'colcon_core.shell.bat': Not used on non-Windows systems
[2.331s] INFO:colcon.colcon_core.shell:Creating environment hook '/home/ubuntu/Software/ROS2/Bailey_2/bailey/install/bailey_drive/share/bailey_drive/hook/ament_prefix_path.ps1'
[2.353s] INFO:colcon.colcon_core.shell:Creating environment descriptor '/home/ubuntu/Software/ROS2/Bailey_2/bailey/install/bailey_drive/share/bailey_drive/hook/ament_prefix_path.dsv'
[2.367s] INFO:colcon.colcon_core.shell:Creating environment hook '/home/ubuntu/Software/ROS2/Bailey_2/bailey/install/bailey_drive/share/bailey_drive/hook/ament_prefix_path.sh'
[2.385s] INFO:colcon.colcon_core.shell:Skip shell extension 'powershell' for command environment: Not usable outside of PowerShell
[2.385s] DEBUG:colcon.colcon_core.shell:Skip shell extension 'dsv' for command environment
[2.483s] DEBUG:colcon.colcon_core.shell:Ignoring prefix path '/opt/ros/foxy'
[3.653s] INFO:colcon.colcon_core.task.python.build:Building Python package in '/home/ubuntu/Software/ROS2/Bailey_2/bailey/src/bailey_drive'
[3.656s] INFO:colcon.colcon_core.shell:Skip shell extension 'powershell' for command environment: Not usable outside of PowerShell
[3.656s] DEBUG:colcon.colcon_core.shell:Skip shell extension 'dsv' for command environment
[3.702s] DEBUG:colcon.colcon_core.shell:Ignoring prefix path '/opt/ros/foxy'
[3.800s] DEBUG:colcon.colcon_core.event_handler.log_command:Invoking command in '/home/ubuntu/Software/ROS2/Bailey_2/bailey/build/bailey_drive': PYTHONPATH=/home/ubuntu/Software/ROS2/Bailey_2/bailey/install/bailey_drive/lib/python3.8/site-packages:${PYTHONPATH} /usr/bin/python3 setup.py develop --prefix /home/ubuntu/Software/ROS2/Bailey_2/bailey/install/bailey_drive --uninstall --editable --build-directory /home/ubuntu/Software/ROS2/Bailey_2/bailey/build/bailey_drive/build
[5.684s] DEBUG:colcon.colcon_core.event_handler.log_command:Invoked command in '/home/ubuntu/Software/ROS2/Bailey_2/bailey/build/bailey_drive' returned '0': PYTHONPATH=/home/ubuntu/Software/ROS2/Bailey_2/bailey/install/bailey_drive/lib/python3.8/site-packages:${PYTHONPATH} /usr/bin/python3 setup.py develop --prefix /home/ubuntu/Software/ROS2/Bailey_2/bailey/install/bailey_drive --uninstall --editable --build-directory /home/ubuntu/Software/ROS2/Bailey_2/bailey/build/bailey_drive/build
[5.697s] DEBUG:colcon.colcon_core.event_handler.log_command:Invoking command in '/home/ubuntu/Software/ROS2/Bailey_2/bailey/src/bailey_drive': PYTHONPATH=/home/ubuntu/Software/ROS2/Bailey_2/bailey/install/bailey_drive/lib/python3.8/site-packages:${PYTHONPATH} /usr/bin/python3 setup.py egg_info --egg-base ../../build/bailey_drive build --build-base /home/ubuntu/Software/ROS2/Bailey_2/bailey/build/bailey_drive/build install --prefix /home/ubuntu/Software/ROS2/Bailey_2/bailey/install/bailey_drive --record /home/ubuntu/Software/ROS2/Bailey_2/bailey/build/bailey_drive/install.log --single-version-externally-managed
[7.672s] DEBUG:colcon.colcon_core.event_handler.log_command:Invoked command in '/home/ubuntu/Software/ROS2/Bailey_2/bailey/src/bailey_drive' returned '0': PYTHONPATH=/home/ubuntu/Software/ROS2/Bailey_2/bailey/install/bailey_drive/lib/python3.8/site-packages:${PYTHONPATH} /usr/bin/python3 setup.py egg_info --egg-base ../../build/bailey_drive build --build-base /home/ubuntu/Software/ROS2/Bailey_2/bailey/build/bailey_drive/build install --prefix /home/ubuntu/Software/ROS2/Bailey_2/bailey/install/bailey_drive --record /home/ubuntu/Software/ROS2/Bailey_2/bailey/build/bailey_drive/install.log --single-version-externally-managed
[7.688s] Level 1:colcon.colcon_core.environment:checking '/home/ubuntu/Software/ROS2/Bailey_2/bailey/install/bailey_drive' for CMake module files
[7.701s] Level 1:colcon.colcon_core.environment:checking '/home/ubuntu/Software/ROS2/Bailey_2/bailey/install/bailey_drive' for CMake config files
[7.757s] Level 1:colcon.colcon_core.environment:checking '/home/ubuntu/Software/ROS2/Bailey_2/bailey/install/bailey_drive/lib'
[7.759s] Level 1:colcon.colcon_core.environment:checking '/home/ubuntu/Software/ROS2/Bailey_2/bailey/install/bailey_drive/bin'
[7.760s] Level 1:colcon.colcon_core.environment:checking '/home/ubuntu/Software/ROS2/Bailey_2/bailey/install/bailey_drive/lib/pkgconfig/bailey_drive.pc'
[7.760s] Level 1:colcon.colcon_core.environment:checking '/home/ubuntu/Software/ROS2/Bailey_2/bailey/install/bailey_drive/lib/python3.8/site-packages'
[7.761s] Level 1:colcon.colcon_core.shell:create_environment_hook('bailey_drive', 'pythonpath')
[7.764s] INFO:colcon.colcon_core.shell:Creating environment hook '/home/ubuntu/Software/ROS2/Bailey_2/bailey/install/bailey_drive/share/bailey_drive/hook/pythonpath.ps1'
[7.778s] INFO:colcon.colcon_core.shell:Creating environment descriptor '/home/ubuntu/Software/ROS2/Bailey_2/bailey/install/bailey_drive/share/bailey_drive/hook/pythonpath.dsv'
[7.790s] INFO:colcon.colcon_core.shell:Creating environment hook '/home/ubuntu/Software/ROS2/Bailey_2/bailey/install/bailey_drive/share/bailey_drive/hook/pythonpath.sh'
[7.805s] Level 1:colcon.colcon_core.environment:create_environment_scripts_only(bailey_drive)
[7.809s] INFO:colcon.colcon_core.shell:Creating package script '/home/ubuntu/Software/ROS2/Bailey_2/bailey/install/bailey_drive/share/bailey_drive/package.ps1'
[7.831s] INFO:colcon.colcon_core.shell:Creating package descriptor '/home/ubuntu/Software/ROS2/Bailey_2/bailey/install/bailey_drive/share/bailey_drive/package.dsv'
[7.844s] INFO:colcon.colcon_core.shell:Creating package script '/home/ubuntu/Software/ROS2/Bailey_2/bailey/install/bailey_drive/share/bailey_drive/package.sh'
[7.864s] INFO:colcon.colcon_core.shell:Creating package script '/home/ubuntu/Software/ROS2/Bailey_2/bailey/install/bailey_drive/share/bailey_drive/package.bash'
[7.879s] INFO:colcon.colcon_core.shell:Creating package script '/home/ubuntu/Software/ROS2/Bailey_2/bailey/install/bailey_drive/share/bailey_drive/package.zsh'
[7.893s] Level 1:colcon.colcon_core.environment:create_file_with_runtime_dependencies(/home/ubuntu/Software/ROS2/Bailey_2/bailey/install/bailey_drive/share/colcon-core/packages/bailey_drive)
[7.900s] DEBUG:colcon.colcon_parallel_executor.executor.parallel:closing loop
[7.901s] DEBUG:colcon.colcon_parallel_executor.executor.parallel:loop closed
[7.901s] DEBUG:colcon.colcon_parallel_executor.executor.parallel:run_until_complete finished with '0'
[7.902s] DEBUG:colcon.colcon_core.event_reactor:joining thread
[7.980s] INFO:colcon.colcon_core.plugin_system:Skipping extension 'colcon_notification.desktop_notification.notify_send': Could not find 'notify-send'
[7.981s] INFO:colcon.colcon_core.plugin_system:Skipping extension 'colcon_notification.desktop_notification.terminal_notifier': Not used on non-Darwin systems
[7.981s] INFO:colcon.colcon_core.plugin_system:Skipping extension 'colcon_notification.desktop_notification.win32': Not used on non-Windows systems
[7.981s] INFO:colcon.colcon_notification.desktop_notification:Sending desktop notification using 'notify2'
[7.984s] DEBUG:colcon.colcon_notification.desktop_notification.notify2:Failed to initialize notify2: org.freedesktop.DBus.Error.ServiceUnknown: The name org.freedesktop.Notifications was not provided by any .service files
[7.984s] DEBUG:colcon.colcon_core.event_reactor:joined thread
[7.987s] INFO:colcon.colcon_core.shell:Creating prefix script '/home/ubuntu/Software/ROS2/Bailey_2/bailey/install/local_setup.ps1'
[8.002s] INFO:colcon.colcon_core.shell:Creating prefix util module '/home/ubuntu/Software/ROS2/Bailey_2/bailey/install/_local_setup_util_ps1.py'
[8.024s] INFO:colcon.colcon_core.shell:Creating prefix chain script '/home/ubuntu/Software/ROS2/Bailey_2/bailey/install/setup.ps1'
[8.076s] INFO:colcon.colcon_core.shell:Creating prefix script '/home/ubuntu/Software/ROS2/Bailey_2/bailey/install/local_setup.sh'
[8.089s] INFO:colcon.colcon_core.shell:Creating prefix util module '/home/ubuntu/Software/ROS2/Bailey_2/bailey/install/_local_setup_util_sh.py'
[8.108s] INFO:colcon.colcon_core.shell:Creating prefix chain script '/home/ubuntu/Software/ROS2/Bailey_2/bailey/install/setup.sh'
[8.162s] INFO:colcon.colcon_core.shell:Creating prefix script '/home/ubuntu/Software/ROS2/Bailey_2/bailey/install/local_setup.bash'
[8.178s] INFO:colcon.colcon_core.shell:Creating prefix chain script '/home/ubuntu/Software/ROS2/Bailey_2/bailey/install/setup.bash'
[8.235s] INFO:colcon.colcon_core.shell:Creating prefix script '/home/ubuntu/Software/ROS2/Bailey_2/bailey/install/local_setup.zsh'
[8.281s] INFO:colcon.colcon_core.shell:Creating prefix chain script '/home/ubuntu/Software/ROS2/Bailey_2/bailey/install/setup.zsh'
