[1.872s] DEBUG:colcon:Command line arguments: ['/home/ubuntu/.local/bin/colcon', 'build', '--packages-select', 'bailey_drive']
[1.873s] DEBUG:colcon:Parsed command line arguments: Namespace(ament_cmake_args=None, base_paths=['.'], build_base='build', catkin_cmake_args=None, catkin_skip_building_tests=False, cmake_args=None, cmake_clean_cache=False, cmake_clean_first=False, cmake_force_configure=False, cmake_target=None, cmake_target_skip_unavailable=False, continue_on_error=False, event_handlers=None, executor='parallel', ignore_user_meta=False, install_base='install', log_base=None, log_level=None, main=<bound method BuildVerb.main of <colcon_core.verb.build.BuildVerb object at 0xffffba60fb20>>, merge_install=False, metas=['./colcon.meta'], packages_above=None, packages_above_and_dependencies=None, packages_above_depth=None, packages_end=None, packages_ignore=None, packages_ignore_regex=None, packages_select=['bailey_drive'], packages_select_build_failed=False, packages_select_by_dep=None, packages_select_regex=None, packages_select_test_failures=False, packages_skip=None, packages_skip_build_finished=False, packages_skip_by_dep=None, packages_skip_regex=None, packages_skip_test_passed=False, packages_skip_up_to=None, packages_start=None, packages_up_to=None, packages_up_to_regex=None, parallel_workers=4, paths=None, symlink_install=False, test_result_base=None, verb_extension=<colcon_core.verb.build.BuildVerb object at 0xffffba60fb20>, verb_name='build', verb_parser=<colcon_defaults.argument_parser.defaults.DefaultArgumentsDecorator object at 0xffffba573340>)
[1.912s] Level 1:colcon.colcon_core.package_discovery:discover_packages(colcon_meta) check parameters
[1.913s] Level 1:colcon.colcon_core.package_discovery:discover_packages(recursive) check parameters
[1.913s] Level 1:colcon.colcon_core.package_discovery:discover_packages(ignore) check parameters
[1.913s] Level 1:colcon.colcon_core.package_discovery:discover_packages(path) check parameters
[1.913s] Level 1:colcon.colcon_core.package_discovery:discover_packages(colcon_meta) discover
[1.914s] Level 1:colcon.colcon_core.package_discovery:discover_packages(recursive) discover
[1.914s] INFO:colcon.colcon_core.package_discovery:Crawling recursively for packages in '/home/ubuntu/Software/ROS2/Bailey_2/bailey'
[1.915s] Level 1:colcon.colcon_core.package_identification:_identify(.) by extensions ['ignore', 'ignore_ament_install']
[1.916s] Level 1:colcon.colcon_core.package_identification:_identify(.) by extension 'ignore'
[1.916s] Level 1:colcon.colcon_core.package_identification:_identify(.) by extension 'ignore_ament_install'
[1.916s] Level 1:colcon.colcon_core.package_identification:_identify(.) by extensions ['colcon_pkg']
[1.917s] Level 1:colcon.colcon_core.package_identification:_identify(.) by extension 'colcon_pkg'
[1.917s] Level 1:colcon.colcon_core.package_identification:_identify(.) by extensions ['colcon_meta']
[1.917s] Level 1:colcon.colcon_core.package_identification:_identify(.) by extension 'colcon_meta'
[1.917s] Level 1:colcon.colcon_core.package_identification:_identify(.) by extensions ['ros']
[1.917s] Level 1:colcon.colcon_core.package_identification:_identify(.) by extension 'ros'
[1.967s] Level 1:colcon.colcon_core.package_identification:_identify(.) by extensions ['cmake', 'python']
[1.967s] Level 1:colcon.colcon_core.package_identification:_identify(.) by extension 'cmake'
[1.967s] Level 1:colcon.colcon_core.package_identification:_identify(.) by extension 'python'
[1.968s] Level 1:colcon.colcon_core.package_identification:_identify(.) by extensions ['python_setup_py']
[1.968s] Level 1:colcon.colcon_core.package_identification:_identify(.) by extension 'python_setup_py'
[1.970s] Level 1:colcon.colcon_core.package_identification:_identify(build) by extensions ['ignore', 'ignore_ament_install']
[1.970s] Level 1:colcon.colcon_core.package_identification:_identify(build) by extension 'ignore'
[1.970s] Level 1:colcon.colcon_core.package_identification:_identify(build) ignored
[1.972s] Level 1:colcon.colcon_core.package_identification:_identify(install) by extensions ['ignore', 'ignore_ament_install']
[1.973s] Level 1:colcon.colcon_core.package_identification:_identify(install) by extension 'ignore'
[1.973s] Level 1:colcon.colcon_core.package_identification:_identify(install) ignored
[1.982s] Level 1:colcon.colcon_core.package_identification:_identify(log) by extensions ['ignore', 'ignore_ament_install']
[1.983s] Level 1:colcon.colcon_core.package_identification:_identify(log) by extension 'ignore'
[1.983s] Level 1:colcon.colcon_core.package_identification:_identify(log) ignored
[1.985s] Level 1:colcon.colcon_core.package_identification:_identify(src) by extensions ['ignore', 'ignore_ament_install']
[1.986s] Level 1:colcon.colcon_core.package_identification:_identify(src) by extension 'ignore'
[1.986s] Level 1:colcon.colcon_core.package_identification:_identify(src) by extension 'ignore_ament_install'
[1.987s] Level 1:colcon.colcon_core.package_identification:_identify(src) by extensions ['colcon_pkg']
[1.987s] Level 1:colcon.colcon_core.package_identification:_identify(src) by extension 'colcon_pkg'
[1.987s] Level 1:colcon.colcon_core.package_identification:_identify(src) by extensions ['colcon_meta']
[1.987s] Level 1:colcon.colcon_core.package_identification:_identify(src) by extension 'colcon_meta'
[1.988s] Level 1:colcon.colcon_core.package_identification:_identify(src) by extensions ['ros']
[1.988s] Level 1:colcon.colcon_core.package_identification:_identify(src) by extension 'ros'
[1.989s] Level 1:colcon.colcon_core.package_identification:_identify(src) by extensions ['cmake', 'python']
[1.989s] Level 1:colcon.colcon_core.package_identification:_identify(src) by extension 'cmake'
[1.989s] Level 1:colcon.colcon_core.package_identification:_identify(src) by extension 'python'
[1.990s] Level 1:colcon.colcon_core.package_identification:_identify(src) by extensions ['python_setup_py']
[1.990s] Level 1:colcon.colcon_core.package_identification:_identify(src) by extension 'python_setup_py'
[1.992s] Level 1:colcon.colcon_core.package_identification:_identify(src/bailey_drive) by extensions ['ignore', 'ignore_ament_install']
[1.993s] Level 1:colcon.colcon_core.package_identification:_identify(src/bailey_drive) by extension 'ignore'
[1.993s] Level 1:colcon.colcon_core.package_identification:_identify(src/bailey_drive) by extension 'ignore_ament_install'
[1.994s] Level 1:colcon.colcon_core.package_identification:_identify(src/bailey_drive) by extensions ['colcon_pkg']
[1.994s] Level 1:colcon.colcon_core.package_identification:_identify(src/bailey_drive) by extension 'colcon_pkg'
[1.994s] Level 1:colcon.colcon_core.package_identification:_identify(src/bailey_drive) by extensions ['colcon_meta']
[1.994s] Level 1:colcon.colcon_core.package_identification:_identify(src/bailey_drive) by extension 'colcon_meta'
[1.995s] Level 1:colcon.colcon_core.package_identification:_identify(src/bailey_drive) by extensions ['ros']
[1.995s] Level 1:colcon.colcon_core.package_identification:_identify(src/bailey_drive) by extension 'ros'
[2.019s] DEBUG:colcon.colcon_core.package_identification:Package 'src/bailey_drive' with type 'ros.ament_python' and name 'bailey_drive'
[2.021s] Level 1:colcon.colcon_core.package_identification:_identify(src/camera) by extensions ['ignore', 'ignore_ament_install']
[2.022s] Level 1:colcon.colcon_core.package_identification:_identify(src/camera) by extension 'ignore'
[2.022s] Level 1:colcon.colcon_core.package_identification:_identify(src/camera) by extension 'ignore_ament_install'
[2.022s] Level 1:colcon.colcon_core.package_identification:_identify(src/camera) by extensions ['colcon_pkg']
[2.022s] Level 1:colcon.colcon_core.package_identification:_identify(src/camera) by extension 'colcon_pkg'
[2.022s] Level 1:colcon.colcon_core.package_identification:_identify(src/camera) by extensions ['colcon_meta']
[2.023s] Level 1:colcon.colcon_core.package_identification:_identify(src/camera) by extension 'colcon_meta'
[2.023s] Level 1:colcon.colcon_core.package_identification:_identify(src/camera) by extensions ['ros']
[2.023s] Level 1:colcon.colcon_core.package_identification:_identify(src/camera) by extension 'ros'
[2.037s] DEBUG:colcon.colcon_core.package_identification:Package 'src/camera' with type 'ros.ament_python' and name 'camera'
[2.040s] Level 1:colcon.colcon_core.package_identification:_identify(src/camera_pan_tilt) by extensions ['ignore', 'ignore_ament_install']
[2.040s] Level 1:colcon.colcon_core.package_identification:_identify(src/camera_pan_tilt) by extension 'ignore'
[2.041s] Level 1:colcon.colcon_core.package_identification:_identify(src/camera_pan_tilt) by extension 'ignore_ament_install'
[2.041s] Level 1:colcon.colcon_core.package_identification:_identify(src/camera_pan_tilt) by extensions ['colcon_pkg']
[2.041s] Level 1:colcon.colcon_core.package_identification:_identify(src/camera_pan_tilt) by extension 'colcon_pkg'
[2.042s] Level 1:colcon.colcon_core.package_identification:_identify(src/camera_pan_tilt) by extensions ['colcon_meta']
[2.042s] Level 1:colcon.colcon_core.package_identification:_identify(src/camera_pan_tilt) by extension 'colcon_meta'
[2.042s] Level 1:colcon.colcon_core.package_identification:_identify(src/camera_pan_tilt) by extensions ['ros']
[2.043s] Level 1:colcon.colcon_core.package_identification:_identify(src/camera_pan_tilt) by extension 'ros'
[2.058s] DEBUG:colcon.colcon_core.package_identification:Package 'src/camera_pan_tilt' with type 'ros.ament_python' and name 'camera_pan_tilt'
[2.072s] Level 1:colcon.colcon_core.package_identification:_identify(src/jetbot_sys_info) by extensions ['ignore', 'ignore_ament_install']
[2.072s] Level 1:colcon.colcon_core.package_identification:_identify(src/jetbot_sys_info) by extension 'ignore'
[2.073s] Level 1:colcon.colcon_core.package_identification:_identify(src/jetbot_sys_info) by extension 'ignore_ament_install'
[2.073s] Level 1:colcon.colcon_core.package_identification:_identify(src/jetbot_sys_info) by extensions ['colcon_pkg']
[2.073s] Level 1:colcon.colcon_core.package_identification:_identify(src/jetbot_sys_info) by extension 'colcon_pkg'
[2.074s] Level 1:colcon.colcon_core.package_identification:_identify(src/jetbot_sys_info) by extensions ['colcon_meta']
[2.074s] Level 1:colcon.colcon_core.package_identification:_identify(src/jetbot_sys_info) by extension 'colcon_meta'
[2.075s] Level 1:colcon.colcon_core.package_identification:_identify(src/jetbot_sys_info) by extensions ['ros']
[2.075s] Level 1:colcon.colcon_core.package_identification:_identify(src/jetbot_sys_info) by extension 'ros'
[2.088s] DEBUG:colcon.colcon_core.package_identification:Package 'src/jetbot_sys_info' with type 'ros.ament_python' and name 'jetbot_sys_info'
[2.090s] Level 1:colcon.colcon_core.package_identification:_identify(src/ros2_rtimulib) by extensions ['ignore', 'ignore_ament_install']
[2.091s] Level 1:colcon.colcon_core.package_identification:_identify(src/ros2_rtimulib) by extension 'ignore'
[2.091s] Level 1:colcon.colcon_core.package_identification:_identify(src/ros2_rtimulib) by extension 'ignore_ament_install'
[2.091s] Level 1:colcon.colcon_core.package_identification:_identify(src/ros2_rtimulib) by extensions ['colcon_pkg']
[2.092s] Level 1:colcon.colcon_core.package_identification:_identify(src/ros2_rtimulib) by extension 'colcon_pkg'
[2.092s] Level 1:colcon.colcon_core.package_identification:_identify(src/ros2_rtimulib) by extensions ['colcon_meta']
[2.092s] Level 1:colcon.colcon_core.package_identification:_identify(src/ros2_rtimulib) by extension 'colcon_meta'
[2.093s] Level 1:colcon.colcon_core.package_identification:_identify(src/ros2_rtimulib) by extensions ['ros']
[2.093s] Level 1:colcon.colcon_core.package_identification:_identify(src/ros2_rtimulib) by extension 'ros'
[2.113s] DEBUG:colcon.colcon_core.package_identification:Package 'src/ros2_rtimulib' with type 'ros.ament_python' and name 'ros2_rtimulib'
[2.114s] Level 1:colcon.colcon_core.package_discovery:discover_packages(recursive) using defaults
[2.114s] Level 1:colcon.colcon_core.package_discovery:discover_packages(ignore) discover
[2.114s] Level 1:colcon.colcon_core.package_discovery:discover_packages(ignore) using defaults
[2.114s] Level 1:colcon.colcon_core.package_discovery:discover_packages(path) discover
[2.115s] Level 1:colcon.colcon_core.package_discovery:discover_packages(path) using defaults
[2.188s] INFO:colcon.colcon_core.package_selection:Skipping not selected package 'camera' in 'src/camera'
[2.188s] INFO:colcon.colcon_core.package_selection:Skipping not selected package 'camera_pan_tilt' in 'src/camera_pan_tilt'
[2.189s] INFO:colcon.colcon_core.package_selection:Skipping not selected package 'jetbot_sys_info' in 'src/jetbot_sys_info'
[2.189s] INFO:colcon.colcon_core.package_selection:Skipping not selected package 'ros2_rtimulib' in 'src/ros2_rtimulib'
[2.202s] Level 5:colcon.colcon_core.verb:set package 'bailey_drive' build argument 'cmake_args' from command line to 'None'
[2.202s] Level 5:colcon.colcon_core.verb:set package 'bailey_drive' build argument 'cmake_target' from command line to 'None'
[2.202s] Level 5:colcon.colcon_core.verb:set package 'bailey_drive' build argument 'cmake_target_skip_unavailable' from command line to 'False'
[2.202s] Level 5:colcon.colcon_core.verb:set package 'bailey_drive' build argument 'cmake_clean_cache' from command line to 'False'
[2.203s] Level 5:colcon.colcon_core.verb:set package 'bailey_drive' build argument 'cmake_clean_first' from command line to 'False'
[2.203s] Level 5:colcon.colcon_core.verb:set package 'bailey_drive' build argument 'cmake_force_configure' from command line to 'False'
[2.203s] Level 5:colcon.colcon_core.verb:set package 'bailey_drive' build argument 'ament_cmake_args' from command line to 'None'
[2.203s] Level 5:colcon.colcon_core.verb:set package 'bailey_drive' build argument 'catkin_cmake_args' from command line to 'None'
[2.203s] Level 5:colcon.colcon_core.verb:set package 'bailey_drive' build argument 'catkin_skip_building_tests' from command line to 'False'
[2.203s] DEBUG:colcon.colcon_core.verb:Building package 'bailey_drive' with the following arguments: {'ament_cmake_args': None, 'build_base': '/home/ubuntu/Software/ROS2/Bailey_2/bailey/build/bailey_drive', 'catkin_cmake_args': None, 'catkin_skip_building_tests': False, 'cmake_args': None, 'cmake_clean_cache': False, 'cmake_clean_first': False, 'cmake_force_configure': False, 'cmake_target': None, 'cmake_target_skip_unavailable': False, 'install_base': '/home/ubuntu/Software/ROS2/Bailey_2/bailey/install/bailey_drive', 'merge_install': False, 'path': '/home/ubuntu/Software/ROS2/Bailey_2/bailey/src/bailey_drive', 'symlink_install': False, 'test_result_base': None}
[2.209s] INFO:colcon.colcon_core.executor:Executing jobs using 'parallel' executor
[2.216s] DEBUG:colcon.colcon_parallel_executor.executor.parallel:run_until_complete
[2.217s] INFO:colcon.colcon_ros.task.ament_python.build:Building ROS package in '/home/ubuntu/Software/ROS2/Bailey_2/bailey/src/bailey_drive' with build type 'ament_python'
[2.218s] Level 1:colcon.colcon_core.shell:create_environment_hook('bailey_drive', 'ament_prefix_path')
[2.271s] INFO:colcon.colcon_core.plugin_system:Skipping extension 'colcon_core.shell.bat': Not used on non-Windows systems
[2.273s] INFO:colcon.colcon_core.shell:Creating environment hook '/home/ubuntu/Software/ROS2/Bailey_2/bailey/install/bailey_drive/share/bailey_drive/hook/ament_prefix_path.ps1'
[2.292s] INFO:colcon.colcon_core.shell:Creating environment descriptor '/home/ubuntu/Software/ROS2/Bailey_2/bailey/install/bailey_drive/share/bailey_drive/hook/ament_prefix_path.dsv'
[2.307s] INFO:colcon.colcon_core.shell:Creating environment hook '/home/ubuntu/Software/ROS2/Bailey_2/bailey/install/bailey_drive/share/bailey_drive/hook/ament_prefix_path.sh'
[2.332s] INFO:colcon.colcon_core.shell:Skip shell extension 'powershell' for command environment: Not usable outside of PowerShell
[2.333s] DEBUG:colcon.colcon_core.shell:Skip shell extension 'dsv' for command environment
[2.429s] DEBUG:colcon.colcon_core.shell:Ignoring prefix path '/opt/ros/foxy'
[3.742s] INFO:colcon.colcon_core.task.python.build:Building Python package in '/home/ubuntu/Software/ROS2/Bailey_2/bailey/src/bailey_drive'
[3.745s] INFO:colcon.colcon_core.shell:Skip shell extension 'powershell' for command environment: Not usable outside of PowerShell
[3.745s] DEBUG:colcon.colcon_core.shell:Skip shell extension 'dsv' for command environment
[3.785s] DEBUG:colcon.colcon_core.shell:Ignoring prefix path '/opt/ros/foxy'
[3.895s] DEBUG:colcon.colcon_core.event_handler.log_command:Invoking command in '/home/ubuntu/Software/ROS2/Bailey_2/bailey/build/bailey_drive': PYTHONPATH=/home/ubuntu/Software/ROS2/Bailey_2/bailey/install/bailey_drive/lib/python3.8/site-packages:${PYTHONPATH} /usr/bin/python3 setup.py develop --prefix /home/ubuntu/Software/ROS2/Bailey_2/bailey/install/bailey_drive --uninstall --editable --build-directory /home/ubuntu/Software/ROS2/Bailey_2/bailey/build/bailey_drive/build
[5.830s] DEBUG:colcon.colcon_core.event_handler.log_command:Invoked command in '/home/ubuntu/Software/ROS2/Bailey_2/bailey/build/bailey_drive' returned '0': PYTHONPATH=/home/ubuntu/Software/ROS2/Bailey_2/bailey/install/bailey_drive/lib/python3.8/site-packages:${PYTHONPATH} /usr/bin/python3 setup.py develop --prefix /home/ubuntu/Software/ROS2/Bailey_2/bailey/install/bailey_drive --uninstall --editable --build-directory /home/ubuntu/Software/ROS2/Bailey_2/bailey/build/bailey_drive/build
[5.850s] DEBUG:colcon.colcon_core.event_handler.log_command:Invoking command in '/home/ubuntu/Software/ROS2/Bailey_2/bailey/src/bailey_drive': PYTHONPATH=/home/ubuntu/Software/ROS2/Bailey_2/bailey/install/bailey_drive/lib/python3.8/site-packages:${PYTHONPATH} /usr/bin/python3 setup.py egg_info --egg-base ../../build/bailey_drive build --build-base /home/ubuntu/Software/ROS2/Bailey_2/bailey/build/bailey_drive/build install --prefix /home/ubuntu/Software/ROS2/Bailey_2/bailey/install/bailey_drive --record /home/ubuntu/Software/ROS2/Bailey_2/bailey/build/bailey_drive/install.log --single-version-externally-managed
[7.894s] DEBUG:colcon.colcon_core.event_handler.log_command:Invoked command in '/home/ubuntu/Software/ROS2/Bailey_2/bailey/src/bailey_drive' returned '0': PYTHONPATH=/home/ubuntu/Software/ROS2/Bailey_2/bailey/install/bailey_drive/lib/python3.8/site-packages:${PYTHONPATH} /usr/bin/python3 setup.py egg_info --egg-base ../../build/bailey_drive build --build-base /home/ubuntu/Software/ROS2/Bailey_2/bailey/build/bailey_drive/build install --prefix /home/ubuntu/Software/ROS2/Bailey_2/bailey/install/bailey_drive --record /home/ubuntu/Software/ROS2/Bailey_2/bailey/build/bailey_drive/install.log --single-version-externally-managed
[7.908s] Level 1:colcon.colcon_core.environment:checking '/home/ubuntu/Software/ROS2/Bailey_2/bailey/install/bailey_drive' for CMake module files
[7.919s] Level 1:colcon.colcon_core.environment:checking '/home/ubuntu/Software/ROS2/Bailey_2/bailey/install/bailey_drive' for CMake config files
[7.960s] Level 1:colcon.colcon_core.environment:checking '/home/ubuntu/Software/ROS2/Bailey_2/bailey/install/bailey_drive/lib'
[7.983s] Level 1:colcon.colcon_core.environment:checking '/home/ubuntu/Software/ROS2/Bailey_2/bailey/install/bailey_drive/bin'
[7.984s] Level 1:colcon.colcon_core.environment:checking '/home/ubuntu/Software/ROS2/Bailey_2/bailey/install/bailey_drive/lib/pkgconfig/bailey_drive.pc'
[7.984s] Level 1:colcon.colcon_core.environment:checking '/home/ubuntu/Software/ROS2/Bailey_2/bailey/install/bailey_drive/lib/python3.8/site-packages'
[7.985s] Level 1:colcon.colcon_core.shell:create_environment_hook('bailey_drive', 'pythonpath')
[7.988s] INFO:colcon.colcon_core.shell:Creating environment hook '/home/ubuntu/Software/ROS2/Bailey_2/bailey/install/bailey_drive/share/bailey_drive/hook/pythonpath.ps1'
[8.015s] INFO:colcon.colcon_core.shell:Creating environment descriptor '/home/ubuntu/Software/ROS2/Bailey_2/bailey/install/bailey_drive/share/bailey_drive/hook/pythonpath.dsv'
[8.028s] INFO:colcon.colcon_core.shell:Creating environment hook '/home/ubuntu/Software/ROS2/Bailey_2/bailey/install/bailey_drive/share/bailey_drive/hook/pythonpath.sh'
[8.049s] Level 1:colcon.colcon_core.environment:create_environment_scripts_only(bailey_drive)
[8.054s] INFO:colcon.colcon_core.shell:Creating package script '/home/ubuntu/Software/ROS2/Bailey_2/bailey/install/bailey_drive/share/bailey_drive/package.ps1'
[8.069s] INFO:colcon.colcon_core.shell:Creating package descriptor '/home/ubuntu/Software/ROS2/Bailey_2/bailey/install/bailey_drive/share/bailey_drive/package.dsv'
[8.082s] INFO:colcon.colcon_core.shell:Creating package script '/home/ubuntu/Software/ROS2/Bailey_2/bailey/install/bailey_drive/share/bailey_drive/package.sh'
[8.104s] INFO:colcon.colcon_core.shell:Creating package script '/home/ubuntu/Software/ROS2/Bailey_2/bailey/install/bailey_drive/share/bailey_drive/package.bash'
[8.125s] INFO:colcon.colcon_core.shell:Creating package script '/home/ubuntu/Software/ROS2/Bailey_2/bailey/install/bailey_drive/share/bailey_drive/package.zsh'
[8.146s] Level 1:colcon.colcon_core.environment:create_file_with_runtime_dependencies(/home/ubuntu/Software/ROS2/Bailey_2/bailey/install/bailey_drive/share/colcon-core/packages/bailey_drive)
[8.153s] DEBUG:colcon.colcon_parallel_executor.executor.parallel:closing loop
[8.155s] DEBUG:colcon.colcon_parallel_executor.executor.parallel:loop closed
[8.155s] DEBUG:colcon.colcon_parallel_executor.executor.parallel:run_until_complete finished with '0'
[8.156s] DEBUG:colcon.colcon_core.event_reactor:joining thread
[8.235s] INFO:colcon.colcon_core.plugin_system:Skipping extension 'colcon_notification.desktop_notification.notify_send': Could not find 'notify-send'
[8.235s] INFO:colcon.colcon_core.plugin_system:Skipping extension 'colcon_notification.desktop_notification.terminal_notifier': Not used on non-Darwin systems
[8.235s] INFO:colcon.colcon_core.plugin_system:Skipping extension 'colcon_notification.desktop_notification.win32': Not used on non-Windows systems
[8.236s] INFO:colcon.colcon_notification.desktop_notification:Sending desktop notification using 'notify2'
[8.238s] DEBUG:colcon.colcon_notification.desktop_notification.notify2:Failed to initialize notify2: org.freedesktop.DBus.Error.ServiceUnknown: The name org.freedesktop.Notifications was not provided by any .service files
[8.239s] DEBUG:colcon.colcon_core.event_reactor:joined thread
[8.241s] INFO:colcon.colcon_core.shell:Creating prefix script '/home/ubuntu/Software/ROS2/Bailey_2/bailey/install/local_setup.ps1'
[8.261s] INFO:colcon.colcon_core.shell:Creating prefix util module '/home/ubuntu/Software/ROS2/Bailey_2/bailey/install/_local_setup_util_ps1.py'
[8.284s] INFO:colcon.colcon_core.shell:Creating prefix chain script '/home/ubuntu/Software/ROS2/Bailey_2/bailey/install/setup.ps1'
[8.337s] INFO:colcon.colcon_core.shell:Creating prefix script '/home/ubuntu/Software/ROS2/Bailey_2/bailey/install/local_setup.sh'
[8.355s] INFO:colcon.colcon_core.shell:Creating prefix util module '/home/ubuntu/Software/ROS2/Bailey_2/bailey/install/_local_setup_util_sh.py'
[8.375s] INFO:colcon.colcon_core.shell:Creating prefix chain script '/home/ubuntu/Software/ROS2/Bailey_2/bailey/install/setup.sh'
[8.429s] INFO:colcon.colcon_core.shell:Creating prefix script '/home/ubuntu/Software/ROS2/Bailey_2/bailey/install/local_setup.bash'
[8.445s] INFO:colcon.colcon_core.shell:Creating prefix chain script '/home/ubuntu/Software/ROS2/Bailey_2/bailey/install/setup.bash'
[8.516s] INFO:colcon.colcon_core.shell:Creating prefix script '/home/ubuntu/Software/ROS2/Bailey_2/bailey/install/local_setup.zsh'
[8.535s] INFO:colcon.colcon_core.shell:Creating prefix chain script '/home/ubuntu/Software/ROS2/Bailey_2/bailey/install/setup.zsh'
