running develop
running egg_info
writing ../../build/bailey_drive/bailey_drive.egg-info/PKG-INFO
writing dependency_links to ../../build/bailey_drive/bailey_drive.egg-info/dependency_links.txt
writing entry points to ../../build/bailey_drive/bailey_drive.egg-info/entry_points.txt
writing requirements to ../../build/bailey_drive/bailey_drive.egg-info/requires.txt
writing top-level names to ../../build/bailey_drive/bailey_drive.egg-info/top_level.txt
reading manifest file '../../build/bailey_drive/bailey_drive.egg-info/SOURCES.txt'
writing manifest file '../../build/bailey_drive/bailey_drive.egg-info/SOURCES.txt'
running build
running build_py
copying bailey_drive/bailey_drive.py -> /home/ubuntu/Software/ROS2/Bailey_2/bailey/build/bailey_drive/build/lib/bailey_drive
running install
running install_lib
copying /home/ubuntu/Software/ROS2/Bailey_2/bailey/build/bailey_drive/build/lib/bailey_drive/bailey_drive.py -> /home/ubuntu/Software/ROS2/Bailey_2/bailey/install/bailey_drive/lib/python3.8/site-packages/bailey_drive
byte-compiling /home/ubuntu/Software/ROS2/Bailey_2/bailey/install/bailey_drive/lib/python3.8/site-packages/bailey_drive/bailey_drive.py to bailey_drive.cpython-38.pyc
running install_data
running install_egg_info
removing '/home/ubuntu/Software/ROS2/Bailey_2/bailey/install/bailey_drive/lib/python3.8/site-packages/bailey_drive-0.0.0-py3.8.egg-info' (and everything under it)
Copying ../../build/bailey_drive/bailey_drive.egg-info to /home/ubuntu/Software/ROS2/Bailey_2/bailey/install/bailey_drive/lib/python3.8/site-packages/bailey_drive-0.0.0-py3.8.egg-info
running install_scripts
Installing ros2_bailey_drive script to /home/ubuntu/Software/ROS2/Bailey_2/bailey/install/bailey_drive/lib/bailey_drive
writing list of installed files to '/home/ubuntu/Software/ROS2/Bailey_2/bailey/build/bailey_drive/install.log'
