[2.124s] Invoking command in '/home/ubuntu/Software/ROS2/Bailey_2/bailey/build/bailey_drive': PYTHONPATH=/home/ubuntu/Software/ROS2/Bailey_2/bailey/install/bailey_drive/lib/python3.8/site-packages:${PYTHONPATH} /usr/bin/python3 setup.py develop --prefix /home/ubuntu/Software/ROS2/Bailey_2/bailey/install/bailey_drive --uninstall --editable --build-directory /home/ubuntu/Software/ROS2/Bailey_2/bailey/build/bailey_drive/build
[3.260s] running develop
[4.050s] Invoked command in '/home/ubuntu/Software/ROS2/Bailey_2/bailey/build/bailey_drive' returned '0': PYTHONPATH=/home/ubuntu/Software/ROS2/Bailey_2/bailey/install/bailey_drive/lib/python3.8/site-packages:${PYTHONPATH} /usr/bin/python3 setup.py develop --prefix /home/ubuntu/Software/ROS2/Bailey_2/bailey/install/bailey_drive --uninstall --editable --build-directory /home/ubuntu/Software/ROS2/Bailey_2/bailey/build/bailey_drive/build
[4.077s] Invoking command in '/home/ubuntu/Software/ROS2/Bailey_2/bailey/src/bailey_drive': PYTHONPATH=/home/ubuntu/Software/ROS2/Bailey_2/bailey/install/bailey_drive/lib/python3.8/site-packages:${PYTHONPATH} /usr/bin/python3 setup.py egg_info --egg-base ../../build/bailey_drive build --build-base /home/ubuntu/Software/ROS2/Bailey_2/bailey/build/bailey_drive/build install --prefix /home/ubuntu/Software/ROS2/Bailey_2/bailey/install/bailey_drive --record /home/ubuntu/Software/ROS2/Bailey_2/bailey/build/bailey_drive/install.log --single-version-externally-managed
[5.160s] running egg_info
[5.164s] writing ../../build/bailey_drive/bailey_drive.egg-info/PKG-INFO
[5.182s] writing dependency_links to ../../build/bailey_drive/bailey_drive.egg-info/dependency_links.txt
[5.195s] writing entry points to ../../build/bailey_drive/bailey_drive.egg-info/entry_points.txt
[5.215s] writing requirements to ../../build/bailey_drive/bailey_drive.egg-info/requires.txt
[5.228s] writing top-level names to ../../build/bailey_drive/bailey_drive.egg-info/top_level.txt
[5.426s] reading manifest file '../../build/bailey_drive/bailey_drive.egg-info/SOURCES.txt'
[5.449s] writing manifest file '../../build/bailey_drive/bailey_drive.egg-info/SOURCES.txt'
[5.467s] running build
[5.467s] running build_py
[5.481s] copying bailey_drive/bailey_drive.py -> /home/ubuntu/Software/ROS2/Bailey_2/bailey/build/bailey_drive/build/lib/bailey_drive
[5.510s] running install
[5.515s] running install_lib
[5.530s] copying /home/ubuntu/Software/ROS2/Bailey_2/bailey/build/bailey_drive/build/lib/bailey_drive/bailey_drive.py -> /home/ubuntu/Software/ROS2/Bailey_2/bailey/install/bailey_drive/lib/python3.8/site-packages/bailey_drive
[5.575s] byte-compiling /home/ubuntu/Software/ROS2/Bailey_2/bailey/install/bailey_drive/lib/python3.8/site-packages/bailey_drive/bailey_drive.py to bailey_drive.cpython-38.pyc
[5.618s] running install_data
[5.627s] running install_egg_info
[5.635s] removing '/home/ubuntu/Software/ROS2/Bailey_2/bailey/install/bailey_drive/lib/python3.8/site-packages/bailey_drive-0.0.0-py3.8.egg-info' (and everything under it)
[5.676s] Copying ../../build/bailey_drive/bailey_drive.egg-info to /home/ubuntu/Software/ROS2/Bailey_2/bailey/install/bailey_drive/lib/python3.8/site-packages/bailey_drive-0.0.0-py3.8.egg-info
[5.856s] running install_scripts
[5.939s] Installing ros2_bailey_drive script to /home/ubuntu/Software/ROS2/Bailey_2/bailey/install/bailey_drive/lib/bailey_drive
[5.956s] writing list of installed files to '/home/ubuntu/Software/ROS2/Bailey_2/bailey/build/bailey_drive/install.log'
[6.068s] Invoked command in '/home/ubuntu/Software/ROS2/Bailey_2/bailey/src/bailey_drive' returned '0': PYTHONPATH=/home/ubuntu/Software/ROS2/Bailey_2/bailey/install/bailey_drive/lib/python3.8/site-packages:${PYTHONPATH} /usr/bin/python3 setup.py egg_info --egg-base ../../build/bailey_drive build --build-base /home/ubuntu/Software/ROS2/Bailey_2/bailey/build/bailey_drive/build install --prefix /home/ubuntu/Software/ROS2/Bailey_2/bailey/install/bailey_drive --record /home/ubuntu/Software/ROS2/Bailey_2/bailey/build/bailey_drive/install.log --single-version-externally-managed
