running egg_info
creating ../../build/bailey_drive/bailey_drive.egg-info
writing ../../build/bailey_drive/bailey_drive.egg-info/PKG-INFO
writing dependency_links to ../../build/bailey_drive/bailey_drive.egg-info/dependency_links.txt
writing entry points to ../../build/bailey_drive/bailey_drive.egg-info/entry_points.txt
writing requirements to ../../build/bailey_drive/bailey_drive.egg-info/requires.txt
writing top-level names to ../../build/bailey_drive/bailey_drive.egg-info/top_level.txt
writing manifest file '../../build/bailey_drive/bailey_drive.egg-info/SOURCES.txt'
reading manifest file '../../build/bailey_drive/bailey_drive.egg-info/SOURCES.txt'
writing manifest file '../../build/bailey_drive/bailey_drive.egg-info/SOURCES.txt'
running build
running build_py
creating /home/paolo/NAS/Software/ROS2/Bailey/bailey/build/bailey_drive/build
creating /home/paolo/NAS/Software/ROS2/Bailey/bailey/build/bailey_drive/build/lib
creating /home/paolo/NAS/Software/ROS2/Bailey/bailey/build/bailey_drive/build/lib/bailey_drive
copying bailey_drive/__init__.py -> /home/paolo/NAS/Software/ROS2/Bailey/bailey/build/bailey_drive/build/lib/bailey_drive
copying bailey_drive/debounce.py -> /home/paolo/NAS/Software/ROS2/Bailey/bailey/build/bailey_drive/build/lib/bailey_drive
copying bailey_drive/bailey_drive.py -> /home/paolo/NAS/Software/ROS2/Bailey/bailey/build/bailey_drive/build/lib/bailey_drive
running install
running install_lib
creating /home/paolo/NAS/Software/ROS2/Bailey/bailey/install/bailey_drive/lib/python3.8/site-packages/bailey_drive
copying /home/paolo/NAS/Software/ROS2/Bailey/bailey/build/bailey_drive/build/lib/bailey_drive/debounce.py -> /home/paolo/NAS/Software/ROS2/Bailey/bailey/install/bailey_drive/lib/python3.8/site-packages/bailey_drive
copying /home/paolo/NAS/Software/ROS2/Bailey/bailey/build/bailey_drive/build/lib/bailey_drive/__init__.py -> /home/paolo/NAS/Software/ROS2/Bailey/bailey/install/bailey_drive/lib/python3.8/site-packages/bailey_drive
copying /home/paolo/NAS/Software/ROS2/Bailey/bailey/build/bailey_drive/build/lib/bailey_drive/bailey_drive.py -> /home/paolo/NAS/Software/ROS2/Bailey/bailey/install/bailey_drive/lib/python3.8/site-packages/bailey_drive
byte-compiling /home/paolo/NAS/Software/ROS2/Bailey/bailey/install/bailey_drive/lib/python3.8/site-packages/bailey_drive/debounce.py to debounce.cpython-38.pyc
byte-compiling /home/paolo/NAS/Software/ROS2/Bailey/bailey/install/bailey_drive/lib/python3.8/site-packages/bailey_drive/__init__.py to __init__.cpython-38.pyc
byte-compiling /home/paolo/NAS/Software/ROS2/Bailey/bailey/install/bailey_drive/lib/python3.8/site-packages/bailey_drive/bailey_drive.py to bailey_drive.cpython-38.pyc
running install_data
creating /home/paolo/NAS/Software/ROS2/Bailey/bailey/install/bailey_drive/share/ament_index
creating /home/paolo/NAS/Software/ROS2/Bailey/bailey/install/bailey_drive/share/ament_index/resource_index
creating /home/paolo/NAS/Software/ROS2/Bailey/bailey/install/bailey_drive/share/ament_index/resource_index/packages
copying resource/bailey_drive -> /home/paolo/NAS/Software/ROS2/Bailey/bailey/install/bailey_drive/share/ament_index/resource_index/packages
copying package.xml -> /home/paolo/NAS/Software/ROS2/Bailey/bailey/install/bailey_drive/share/bailey_drive
running install_egg_info
Copying ../../build/bailey_drive/bailey_drive.egg-info to /home/paolo/NAS/Software/ROS2/Bailey/bailey/install/bailey_drive/lib/python3.8/site-packages/bailey_drive-0.0.0-py3.8.egg-info
running install_scripts
writing list of installed files to '/home/paolo/NAS/Software/ROS2/Bailey/bailey/build/bailey_drive/install.log'
