[2.006s] Invoking command in '/home/paolo/NAS/Software/ROS2/Bailey/bailey/src/jetbot_sys_info': PYTHONPATH=/home/paolo/NAS/Software/ROS2/Bailey/bailey/install/jetbot_sys_info/lib/python3.8/site-packages:${PYTHONPATH} /usr/bin/python3 setup.py egg_info --egg-base ../../build/jetbot_sys_info build --build-base /home/paolo/NAS/Software/ROS2/Bailey/bailey/build/jetbot_sys_info/build install --prefix /home/paolo/NAS/Software/ROS2/Bailey/bailey/install/jetbot_sys_info --record /home/paolo/NAS/Software/ROS2/Bailey/bailey/build/jetbot_sys_info/install.log --single-version-externally-managed
[2.327s] running egg_info
[2.331s] creating ../../build/jetbot_sys_info/jetbot_sys_info.egg-info
[2.336s] writing ../../build/jetbot_sys_info/jetbot_sys_info.egg-info/PKG-INFO
[2.367s] writing dependency_links to ../../build/jetbot_sys_info/jetbot_sys_info.egg-info/dependency_links.txt
[2.383s] writing entry points to ../../build/jetbot_sys_info/jetbot_sys_info.egg-info/entry_points.txt
[2.393s] writing requirements to ../../build/jetbot_sys_info/jetbot_sys_info.egg-info/requires.txt
[2.405s] writing top-level names to ../../build/jetbot_sys_info/jetbot_sys_info.egg-info/top_level.txt
[2.421s] writing manifest file '../../build/jetbot_sys_info/jetbot_sys_info.egg-info/SOURCES.txt'
[2.539s] reading manifest file '../../build/jetbot_sys_info/jetbot_sys_info.egg-info/SOURCES.txt'
[2.558s] writing manifest file '../../build/jetbot_sys_info/jetbot_sys_info.egg-info/SOURCES.txt'
[2.568s] running build
[2.568s] running build_py
[2.576s] creating /home/paolo/NAS/Software/ROS2/Bailey/bailey/build/jetbot_sys_info/build
[2.580s] creating /home/paolo/NAS/Software/ROS2/Bailey/bailey/build/jetbot_sys_info/build/lib
[2.584s] creating /home/paolo/NAS/Software/ROS2/Bailey/bailey/build/jetbot_sys_info/build/lib/jetbot_sys_info
[2.594s] copying jetbot_sys_info/ads1115.py -> /home/paolo/NAS/Software/ROS2/Bailey/bailey/build/jetbot_sys_info/build/lib/jetbot_sys_info
[2.628s] copying jetbot_sys_info/__init__.py -> /home/paolo/NAS/Software/ROS2/Bailey/bailey/build/jetbot_sys_info/build/lib/jetbot_sys_info
[2.648s] copying jetbot_sys_info/jetbot_sys_info.py -> /home/paolo/NAS/Software/ROS2/Bailey/bailey/build/jetbot_sys_info/build/lib/jetbot_sys_info
[2.683s] copying jetbot_sys_info/ina219.py -> /home/paolo/NAS/Software/ROS2/Bailey/bailey/build/jetbot_sys_info/build/lib/jetbot_sys_info
[2.714s] running install
[2.716s] running install_lib
[2.732s] creating /home/paolo/NAS/Software/ROS2/Bailey/bailey/install/jetbot_sys_info/lib/python3.8/site-packages/jetbot_sys_info
[2.740s] copying /home/paolo/NAS/Software/ROS2/Bailey/bailey/build/jetbot_sys_info/build/lib/jetbot_sys_info/jetbot_sys_info.py -> /home/paolo/NAS/Software/ROS2/Bailey/bailey/install/jetbot_sys_info/lib/python3.8/site-packages/jetbot_sys_info
[2.771s] copying /home/paolo/NAS/Software/ROS2/Bailey/bailey/build/jetbot_sys_info/build/lib/jetbot_sys_info/ina219.py -> /home/paolo/NAS/Software/ROS2/Bailey/bailey/install/jetbot_sys_info/lib/python3.8/site-packages/jetbot_sys_info
[2.803s] copying /home/paolo/NAS/Software/ROS2/Bailey/bailey/build/jetbot_sys_info/build/lib/jetbot_sys_info/__init__.py -> /home/paolo/NAS/Software/ROS2/Bailey/bailey/install/jetbot_sys_info/lib/python3.8/site-packages/jetbot_sys_info
[2.820s] copying /home/paolo/NAS/Software/ROS2/Bailey/bailey/build/jetbot_sys_info/build/lib/jetbot_sys_info/ads1115.py -> /home/paolo/NAS/Software/ROS2/Bailey/bailey/install/jetbot_sys_info/lib/python3.8/site-packages/jetbot_sys_info
[2.859s] byte-compiling /home/paolo/NAS/Software/ROS2/Bailey/bailey/install/jetbot_sys_info/lib/python3.8/site-packages/jetbot_sys_info/jetbot_sys_info.py to jetbot_sys_info.cpython-38.pyc
[2.900s] byte-compiling /home/paolo/NAS/Software/ROS2/Bailey/bailey/install/jetbot_sys_info/lib/python3.8/site-packages/jetbot_sys_info/ina219.py to ina219.cpython-38.pyc
[2.939s] byte-compiling /home/paolo/NAS/Software/ROS2/Bailey/bailey/install/jetbot_sys_info/lib/python3.8/site-packages/jetbot_sys_info/__init__.py to __init__.cpython-38.pyc
[2.968s] byte-compiling /home/paolo/NAS/Software/ROS2/Bailey/bailey/install/jetbot_sys_info/lib/python3.8/site-packages/jetbot_sys_info/ads1115.py to ads1115.cpython-38.pyc
[2.998s] running install_data
[3.004s] creating /home/paolo/NAS/Software/ROS2/Bailey/bailey/install/jetbot_sys_info/share/ament_index
[3.008s] creating /home/paolo/NAS/Software/ROS2/Bailey/bailey/install/jetbot_sys_info/share/ament_index/resource_index
[3.014s] creating /home/paolo/NAS/Software/ROS2/Bailey/bailey/install/jetbot_sys_info/share/ament_index/resource_index/packages
[3.022s] copying resource/jetbot_sys_info -> /home/paolo/NAS/Software/ROS2/Bailey/bailey/install/jetbot_sys_info/share/ament_index/resource_index/packages
[3.042s] copying package.xml -> /home/paolo/NAS/Software/ROS2/Bailey/bailey/install/jetbot_sys_info/share/jetbot_sys_info
[3.065s] running install_egg_info
[3.079s] Copying ../../build/jetbot_sys_info/jetbot_sys_info.egg-info to /home/paolo/NAS/Software/ROS2/Bailey/bailey/install/jetbot_sys_info/lib/python3.8/site-packages/jetbot_sys_info-1.0.0-py3.8.egg-info
[3.345s] running install_scripts
[3.404s] Installing ros2_jetbot_sys_info script to /home/paolo/NAS/Software/ROS2/Bailey/bailey/install/jetbot_sys_info/lib/jetbot_sys_info
[3.701s] writing list of installed files to '/home/paolo/NAS/Software/ROS2/Bailey/bailey/build/jetbot_sys_info/install.log'
[4.583s] Invoked command in '/home/paolo/NAS/Software/ROS2/Bailey/bailey/src/jetbot_sys_info' returned '0': PYTHONPATH=/home/paolo/NAS/Software/ROS2/Bailey/bailey/install/jetbot_sys_info/lib/python3.8/site-packages:${PYTHONPATH} /usr/bin/python3 setup.py egg_info --egg-base ../../build/jetbot_sys_info build --build-base /home/paolo/NAS/Software/ROS2/Bailey/bailey/build/jetbot_sys_info/build install --prefix /home/paolo/NAS/Software/ROS2/Bailey/bailey/install/jetbot_sys_info --record /home/paolo/NAS/Software/ROS2/Bailey/bailey/build/jetbot_sys_info/install.log --single-version-externally-managed
