[1.516s] Invoking command in '/home/ubuntu/Software/ROS2/Bailey_2/bailey/build/bailey_drive': PYTHONPATH=/home/ubuntu/Software/ROS2/Bailey_2/bailey/install/bailey_drive/lib/python3.8/site-packages:${PYTHONPATH} /usr/bin/python3 setup.py develop --prefix /home/ubuntu/Software/ROS2/Bailey_2/bailey/install/bailey_drive --uninstall --editable --build-directory /home/ubuntu/Software/ROS2/Bailey_2/bailey/build/bailey_drive/build
[2.649s] running develop
[3.418s] Invoked command in '/home/ubuntu/Software/ROS2/Bailey_2/bailey/build/bailey_drive' returned '0': PYTHONPATH=/home/ubuntu/Software/ROS2/Bailey_2/bailey/install/bailey_drive/lib/python3.8/site-packages:${PYTHONPATH} /usr/bin/python3 setup.py develop --prefix /home/ubuntu/Software/ROS2/Bailey_2/bailey/install/bailey_drive --uninstall --editable --build-directory /home/ubuntu/Software/ROS2/Bailey_2/bailey/build/bailey_drive/build
[3.435s] Invoking command in '/home/ubuntu/Software/ROS2/Bailey_2/bailey/src/bailey_drive': PYTHONPATH=/home/ubuntu/Software/ROS2/Bailey_2/bailey/install/bailey_drive/lib/python3.8/site-packages:${PYTHONPATH} /usr/bin/python3 setup.py egg_info --egg-base ../../build/bailey_drive build --build-base /home/ubuntu/Software/ROS2/Bailey_2/bailey/build/bailey_drive/build install --prefix /home/ubuntu/Software/ROS2/Bailey_2/bailey/install/bailey_drive --record /home/ubuntu/Software/ROS2/Bailey_2/bailey/build/bailey_drive/install.log --single-version-externally-managed
[4.512s] running egg_info
[4.516s] writing ../../build/bailey_drive/bailey_drive.egg-info/PKG-INFO
[4.531s] writing dependency_links to ../../build/bailey_drive/bailey_drive.egg-info/dependency_links.txt
[4.553s] writing entry points to ../../build/bailey_drive/bailey_drive.egg-info/entry_points.txt
[4.565s] writing requirements to ../../build/bailey_drive/bailey_drive.egg-info/requires.txt
[4.576s] writing top-level names to ../../build/bailey_drive/bailey_drive.egg-info/top_level.txt
[4.766s] reading manifest file '../../build/bailey_drive/bailey_drive.egg-info/SOURCES.txt'
[4.787s] writing manifest file '../../build/bailey_drive/bailey_drive.egg-info/SOURCES.txt'
[4.796s] running build
[4.797s] running build_py
[4.807s] copying bailey_drive/bailey_drive.py -> /home/ubuntu/Software/ROS2/Bailey_2/bailey/build/bailey_drive/build/lib/bailey_drive
[4.834s] running install
[4.839s] running install_lib
[5.158s] copying /home/ubuntu/Software/ROS2/Bailey_2/bailey/build/bailey_drive/build/lib/bailey_drive/bailey_drive.py -> /home/ubuntu/Software/ROS2/Bailey_2/bailey/install/bailey_drive/lib/python3.8/site-packages/bailey_drive
[5.202s] byte-compiling /home/ubuntu/Software/ROS2/Bailey_2/bailey/install/bailey_drive/lib/python3.8/site-packages/bailey_drive/bailey_drive.py to bailey_drive.cpython-38.pyc
[5.244s] running install_data
[5.247s] running install_egg_info
[5.256s] removing '/home/ubuntu/Software/ROS2/Bailey_2/bailey/install/bailey_drive/lib/python3.8/site-packages/bailey_drive-0.0.0-py3.8.egg-info' (and everything under it)
[5.294s] Copying ../../build/bailey_drive/bailey_drive.egg-info to /home/ubuntu/Software/ROS2/Bailey_2/bailey/install/bailey_drive/lib/python3.8/site-packages/bailey_drive-0.0.0-py3.8.egg-info
[5.471s] running install_scripts
[5.556s] Installing ros2_bailey_drive script to /home/ubuntu/Software/ROS2/Bailey_2/bailey/install/bailey_drive/lib/bailey_drive
[5.570s] writing list of installed files to '/home/ubuntu/Software/ROS2/Bailey_2/bailey/build/bailey_drive/install.log'
[5.683s] Invoked command in '/home/ubuntu/Software/ROS2/Bailey_2/bailey/src/bailey_drive' returned '0': PYTHONPATH=/home/ubuntu/Software/ROS2/Bailey_2/bailey/install/bailey_drive/lib/python3.8/site-packages:${PYTHONPATH} /usr/bin/python3 setup.py egg_info --egg-base ../../build/bailey_drive build --build-base /home/ubuntu/Software/ROS2/Bailey_2/bailey/build/bailey_drive/build install --prefix /home/ubuntu/Software/ROS2/Bailey_2/bailey/install/bailey_drive --record /home/ubuntu/Software/ROS2/Bailey_2/bailey/build/bailey_drive/install.log --single-version-externally-managed
