[2.267s] Invoking command in '/home/paolo/NAS/Software/ROS2/Bailey/bailey/src/ros2_rtimulib': PYTHONPATH=/home/paolo/NAS/Software/ROS2/Bailey/bailey/install/ros2_rtimulib/lib/python3.8/site-packages:${PYTHONPATH} /usr/bin/python3 setup.py egg_info --egg-base ../../build/ros2_rtimulib build --build-base /home/paolo/NAS/Software/ROS2/Bailey/bailey/build/ros2_rtimulib/build install --prefix /home/paolo/NAS/Software/ROS2/Bailey/bailey/install/ros2_rtimulib --record /home/paolo/NAS/Software/ROS2/Bailey/bailey/build/ros2_rtimulib/install.log --single-version-externally-managed
[2.523s] running egg_info
[2.525s] creating ../../build/ros2_rtimulib/ros2_rtimulib.egg-info
[2.531s] writing ../../build/ros2_rtimulib/ros2_rtimulib.egg-info/PKG-INFO
[2.556s] writing dependency_links to ../../build/ros2_rtimulib/ros2_rtimulib.egg-info/dependency_links.txt
[2.571s] writing entry points to ../../build/ros2_rtimulib/ros2_rtimulib.egg-info/entry_points.txt
[2.583s] writing requirements to ../../build/ros2_rtimulib/ros2_rtimulib.egg-info/requires.txt
[2.594s] writing top-level names to ../../build/ros2_rtimulib/ros2_rtimulib.egg-info/top_level.txt
[2.613s] writing manifest file '../../build/ros2_rtimulib/ros2_rtimulib.egg-info/SOURCES.txt'
[2.733s] reading manifest file '../../build/ros2_rtimulib/ros2_rtimulib.egg-info/SOURCES.txt'
[2.747s] writing manifest file '../../build/ros2_rtimulib/ros2_rtimulib.egg-info/SOURCES.txt'
[2.756s] running build
[2.756s] running build_py
[2.764s] creating /home/paolo/NAS/Software/ROS2/Bailey/bailey/build/ros2_rtimulib/build
[2.767s] creating /home/paolo/NAS/Software/ROS2/Bailey/bailey/build/ros2_rtimulib/build/lib
[2.778s] creating /home/paolo/NAS/Software/ROS2/Bailey/bailey/build/ros2_rtimulib/build/lib/ros2_rtimulib
[2.789s] copying ros2_rtimulib/imu_Lib.py -> /home/paolo/NAS/Software/ROS2/Bailey/bailey/build/ros2_rtimulib/build/lib/ros2_rtimulib
[2.820s] copying ros2_rtimulib/imu_utils.py -> /home/paolo/NAS/Software/ROS2/Bailey/bailey/build/ros2_rtimulib/build/lib/ros2_rtimulib
[2.848s] copying ros2_rtimulib/__init__.py -> /home/paolo/NAS/Software/ROS2/Bailey/bailey/build/ros2_rtimulib/build/lib/ros2_rtimulib
[2.876s] copying ros2_rtimulib/imu_node.py -> /home/paolo/NAS/Software/ROS2/Bailey/bailey/build/ros2_rtimulib/build/lib/ros2_rtimulib
[2.903s] running install
[2.906s] running install_lib
[2.924s] creating /home/paolo/NAS/Software/ROS2/Bailey/bailey/install/ros2_rtimulib/lib/python3.8/site-packages/ros2_rtimulib
[2.931s] copying /home/paolo/NAS/Software/ROS2/Bailey/bailey/build/ros2_rtimulib/build/lib/ros2_rtimulib/imu_utils.py -> /home/paolo/NAS/Software/ROS2/Bailey/bailey/install/ros2_rtimulib/lib/python3.8/site-packages/ros2_rtimulib
[2.960s] copying /home/paolo/NAS/Software/ROS2/Bailey/bailey/build/ros2_rtimulib/build/lib/ros2_rtimulib/imu_Lib.py -> /home/paolo/NAS/Software/ROS2/Bailey/bailey/install/ros2_rtimulib/lib/python3.8/site-packages/ros2_rtimulib
[2.992s] copying /home/paolo/NAS/Software/ROS2/Bailey/bailey/build/ros2_rtimulib/build/lib/ros2_rtimulib/__init__.py -> /home/paolo/NAS/Software/ROS2/Bailey/bailey/install/ros2_rtimulib/lib/python3.8/site-packages/ros2_rtimulib
[3.021s] copying /home/paolo/NAS/Software/ROS2/Bailey/bailey/build/ros2_rtimulib/build/lib/ros2_rtimulib/imu_node.py -> /home/paolo/NAS/Software/ROS2/Bailey/bailey/install/ros2_rtimulib/lib/python3.8/site-packages/ros2_rtimulib
[3.062s] byte-compiling /home/paolo/NAS/Software/ROS2/Bailey/bailey/install/ros2_rtimulib/lib/python3.8/site-packages/ros2_rtimulib/imu_utils.py to imu_utils.cpython-38.pyc
[3.100s] byte-compiling /home/paolo/NAS/Software/ROS2/Bailey/bailey/install/ros2_rtimulib/lib/python3.8/site-packages/ros2_rtimulib/imu_Lib.py to imu_Lib.cpython-38.pyc
[3.136s] byte-compiling /home/paolo/NAS/Software/ROS2/Bailey/bailey/install/ros2_rtimulib/lib/python3.8/site-packages/ros2_rtimulib/__init__.py to __init__.cpython-38.pyc
[3.172s] byte-compiling /home/paolo/NAS/Software/ROS2/Bailey/bailey/install/ros2_rtimulib/lib/python3.8/site-packages/ros2_rtimulib/imu_node.py to imu_node.cpython-38.pyc
[3.206s] running install_data
[3.212s] creating /home/paolo/NAS/Software/ROS2/Bailey/bailey/install/ros2_rtimulib/share/ament_index
[3.214s] creating /home/paolo/NAS/Software/ROS2/Bailey/bailey/install/ros2_rtimulib/share/ament_index/resource_index
[3.219s] creating /home/paolo/NAS/Software/ROS2/Bailey/bailey/install/ros2_rtimulib/share/ament_index/resource_index/packages
[3.231s] copying resource/ros2_rtimulib -> /home/paolo/NAS/Software/ROS2/Bailey/bailey/install/ros2_rtimulib/share/ament_index/resource_index/packages
[3.250s] copying package.xml -> /home/paolo/NAS/Software/ROS2/Bailey/bailey/install/ros2_rtimulib/share/ros2_rtimulib
[3.275s] creating /home/paolo/NAS/Software/ROS2/Bailey/bailey/install/ros2_rtimulib/share/ros2_rtimulib/launch
[3.282s] copying launch/rtimulib.launch.py -> /home/paolo/NAS/Software/ROS2/Bailey/bailey/install/ros2_rtimulib/share/ros2_rtimulib/launch
[3.313s] creating /home/paolo/NAS/Software/ROS2/Bailey/bailey/install/ros2_rtimulib/share/ros2_rtimulib/config
[3.320s] copying config/imu.yaml -> /home/paolo/NAS/Software/ROS2/Bailey/bailey/install/ros2_rtimulib/share/ros2_rtimulib/config
[3.352s] copying config/RTIMULib.ini -> /home/paolo/NAS/Software/ROS2/Bailey/bailey/install/ros2_rtimulib/share/ros2_rtimulib
[3.381s] running install_egg_info
[3.394s] Copying ../../build/ros2_rtimulib/ros2_rtimulib.egg-info to /home/paolo/NAS/Software/ROS2/Bailey/bailey/install/ros2_rtimulib/lib/python3.8/site-packages/ros2_rtimulib-1.1.3-py3.8.egg-info
[3.631s] running install_scripts
[3.696s] Installing imu_node script to /home/paolo/NAS/Software/ROS2/Bailey/bailey/install/ros2_rtimulib/lib/ros2_rtimulib
[3.716s] writing list of installed files to '/home/paolo/NAS/Software/ROS2/Bailey/bailey/build/ros2_rtimulib/install.log'
[3.776s] Invoked command in '/home/paolo/NAS/Software/ROS2/Bailey/bailey/src/ros2_rtimulib' returned '0': PYTHONPATH=/home/paolo/NAS/Software/ROS2/Bailey/bailey/install/ros2_rtimulib/lib/python3.8/site-packages:${PYTHONPATH} /usr/bin/python3 setup.py egg_info --egg-base ../../build/ros2_rtimulib build --build-base /home/paolo/NAS/Software/ROS2/Bailey/bailey/build/ros2_rtimulib/build install --prefix /home/paolo/NAS/Software/ROS2/Bailey/bailey/install/ros2_rtimulib --record /home/paolo/NAS/Software/ROS2/Bailey/bailey/build/ros2_rtimulib/install.log --single-version-externally-managed
