running develop
running egg_info
creating bailey_drive.egg-info
writing bailey_drive.egg-info/PKG-INFO
writing dependency_links to bailey_drive.egg-info/dependency_links.txt
writing entry points to bailey_drive.egg-info/entry_points.txt
writing requirements to bailey_drive.egg-info/requires.txt
writing top-level names to bailey_drive.egg-info/top_level.txt
writing manifest file 'bailey_drive.egg-info/SOURCES.txt'
reading manifest file 'bailey_drive.egg-info/SOURCES.txt'
writing manifest file 'bailey_drive.egg-info/SOURCES.txt'
running build_ext
Creating /home/ubuntu/Software/ROS2/Bailey/bailey/install/bailey_drive/lib/python3.8/site-packages/site.py
Creating /home/ubuntu/Software/ROS2/Bailey/bailey/install/bailey_drive/lib/python3.8/site-packages/bailey-drive.egg-link (link to .)
Installing ros2_bailey_drive script to /home/ubuntu/Software/ROS2/Bailey/bailey/install/bailey_drive/lib/bailey_drive

Installed /home/ubuntu/Software/ROS2/Bailey/bailey/build/bailey_drive
running install_data
creating /home/ubuntu/Software/ROS2/Bailey/bailey/install/bailey_drive/share/ament_index
creating /home/ubuntu/Software/ROS2/Bailey/bailey/install/bailey_drive/share/ament_index/resource_index
creating /home/ubuntu/Software/ROS2/Bailey/bailey/install/bailey_drive/share/ament_index/resource_index/packages
copying resource/bailey_drive -> /home/ubuntu/Software/ROS2/Bailey/bailey/install/bailey_drive/share/ament_index/resource_index/packages
copying package.xml -> /home/ubuntu/Software/ROS2/Bailey/bailey/install/bailey_drive/share/bailey_drive
