[1.577s] Invoking command in '/home/ubuntu/Software/ROS2/Bailey/bailey/build/bailey_drive': PYTHONPATH=/home/ubuntu/Software/ROS2/Bailey/bailey/install/bailey_drive/lib/python3.8/site-packages:${PYTHONPATH} /usr/bin/python3 setup.py develop --prefix /home/ubuntu/Software/ROS2/Bailey/bailey/install/bailey_drive --editable --build-directory /home/ubuntu/Software/ROS2/Bailey/bailey/build/bailey_drive/build --no-deps install_data --install-dir /home/ubuntu/Software/ROS2/Bailey/bailey/install/bailey_drive
[2.732s] running develop
[3.408s] running egg_info
[3.410s] creating bailey_drive.egg-info
[3.417s] writing bailey_drive.egg-info/PKG-INFO
[3.455s] writing dependency_links to bailey_drive.egg-info/dependency_links.txt
[3.470s] writing entry points to bailey_drive.egg-info/entry_points.txt
[3.484s] writing requirements to bailey_drive.egg-info/requires.txt
[3.494s] writing top-level names to bailey_drive.egg-info/top_level.txt
[3.518s] writing manifest file 'bailey_drive.egg-info/SOURCES.txt'
[3.715s] reading manifest file 'bailey_drive.egg-info/SOURCES.txt'
[3.728s] writing manifest file 'bailey_drive.egg-info/SOURCES.txt'
[3.745s] running build_ext
[3.748s] Creating /home/ubuntu/Software/ROS2/Bailey/bailey/install/bailey_drive/lib/python3.8/site-packages/site.py
[3.803s] Creating /home/ubuntu/Software/ROS2/Bailey/bailey/install/bailey_drive/lib/python3.8/site-packages/bailey-drive.egg-link (link to .)
[3.832s] Installing ros2_bailey_drive script to /home/ubuntu/Software/ROS2/Bailey/bailey/install/bailey_drive/lib/bailey_drive
[3.851s] 
[3.851s] Installed /home/ubuntu/Software/ROS2/Bailey/bailey/build/bailey_drive
[3.855s] running install_data
[3.859s] creating /home/ubuntu/Software/ROS2/Bailey/bailey/install/bailey_drive/share/ament_index
[3.860s] creating /home/ubuntu/Software/ROS2/Bailey/bailey/install/bailey_drive/share/ament_index/resource_index
[3.863s] creating /home/ubuntu/Software/ROS2/Bailey/bailey/install/bailey_drive/share/ament_index/resource_index/packages
[3.869s] copying resource/bailey_drive -> /home/ubuntu/Software/ROS2/Bailey/bailey/install/bailey_drive/share/ament_index/resource_index/packages
[3.890s] copying package.xml -> /home/ubuntu/Software/ROS2/Bailey/bailey/install/bailey_drive/share/bailey_drive
[4.020s] Invoked command in '/home/ubuntu/Software/ROS2/Bailey/bailey/build/bailey_drive' returned '0': PYTHONPATH=/home/ubuntu/Software/ROS2/Bailey/bailey/install/bailey_drive/lib/python3.8/site-packages:${PYTHONPATH} /usr/bin/python3 setup.py develop --prefix /home/ubuntu/Software/ROS2/Bailey/bailey/install/bailey_drive --editable --build-directory /home/ubuntu/Software/ROS2/Bailey/bailey/build/bailey_drive/build --no-deps install_data --install-dir /home/ubuntu/Software/ROS2/Bailey/bailey/install/bailey_drive
