[2.231s] DEBUG:colcon:Command line arguments: ['/home/ubuntu/.local/bin/colcon', 'build', '--packages-select', 'bailey_drive']
[2.231s] DEBUG:colcon:Parsed command line arguments: Namespace(ament_cmake_args=None, base_paths=['.'], build_base='build', catkin_cmake_args=None, catkin_skip_building_tests=False, cmake_args=None, cmake_clean_cache=False, cmake_clean_first=False, cmake_force_configure=False, cmake_target=None, cmake_target_skip_unavailable=False, continue_on_error=False, event_handlers=None, executor='parallel', ignore_user_meta=False, install_base='install', log_base=None, log_level=None, main=<bound method BuildVerb.main of <colcon_core.verb.build.BuildVerb object at 0xffff94b3ce50>>, merge_install=False, metas=['./colcon.meta'], packages_above=None, packages_above_and_dependencies=None, packages_above_depth=None, packages_end=None, packages_ignore=None, packages_ignore_regex=None, packages_select=['bailey_drive'], packages_select_build_failed=False, packages_select_by_dep=None, packages_select_regex=None, packages_select_test_failures=False, packages_skip=None, packages_skip_build_finished=False, packages_skip_by_dep=None, packages_skip_regex=None, packages_skip_test_passed=False, packages_skip_up_to=None, packages_start=None, packages_up_to=None, packages_up_to_regex=None, parallel_workers=4, paths=None, symlink_install=False, test_result_base=None, verb_extension=<colcon_core.verb.build.BuildVerb object at 0xffff94b3ce50>, verb_name='build', verb_parser=<colcon_defaults.argument_parser.defaults.DefaultArgumentsDecorator object at 0xffff94aa50a0>)
[2.300s] Level 1:colcon.colcon_core.package_discovery:discover_packages(colcon_meta) check parameters
[2.302s] Level 1:colcon.colcon_core.package_discovery:discover_packages(recursive) check parameters
[2.302s] Level 1:colcon.colcon_core.package_discovery:discover_packages(ignore) check parameters
[2.302s] Level 1:colcon.colcon_core.package_discovery:discover_packages(path) check parameters
[2.302s] Level 1:colcon.colcon_core.package_discovery:discover_packages(colcon_meta) discover
[2.303s] Level 1:colcon.colcon_core.package_discovery:discover_packages(recursive) discover
[2.303s] INFO:colcon.colcon_core.package_discovery:Crawling recursively for packages in '/home/ubuntu/Software/ROS2/Bailey_2/bailey'
[2.305s] Level 1:colcon.colcon_core.package_identification:_identify(.) by extensions ['ignore', 'ignore_ament_install']
[2.306s] Level 1:colcon.colcon_core.package_identification:_identify(.) by extension 'ignore'
[2.308s] Level 1:colcon.colcon_core.package_identification:_identify(.) by extension 'ignore_ament_install'
[2.310s] Level 1:colcon.colcon_core.package_identification:_identify(.) by extensions ['colcon_pkg']
[2.310s] Level 1:colcon.colcon_core.package_identification:_identify(.) by extension 'colcon_pkg'
[2.312s] Level 1:colcon.colcon_core.package_identification:_identify(.) by extensions ['colcon_meta']
[2.312s] Level 1:colcon.colcon_core.package_identification:_identify(.) by extension 'colcon_meta'
[2.312s] Level 1:colcon.colcon_core.package_identification:_identify(.) by extensions ['ros']
[2.312s] Level 1:colcon.colcon_core.package_identification:_identify(.) by extension 'ros'
[2.401s] Level 1:colcon.colcon_core.package_identification:_identify(.) by extensions ['cmake', 'python']
[2.402s] Level 1:colcon.colcon_core.package_identification:_identify(.) by extension 'cmake'
[2.403s] Level 1:colcon.colcon_core.package_identification:_identify(.) by extension 'python'
[2.405s] Level 1:colcon.colcon_core.package_identification:_identify(.) by extensions ['python_setup_py']
[2.405s] Level 1:colcon.colcon_core.package_identification:_identify(.) by extension 'python_setup_py'
[2.411s] Level 1:colcon.colcon_core.package_identification:_identify(build) by extensions ['ignore', 'ignore_ament_install']
[2.412s] Level 1:colcon.colcon_core.package_identification:_identify(build) by extension 'ignore'
[2.412s] Level 1:colcon.colcon_core.package_identification:_identify(build) ignored
[2.415s] Level 1:colcon.colcon_core.package_identification:_identify(install) by extensions ['ignore', 'ignore_ament_install']
[2.416s] Level 1:colcon.colcon_core.package_identification:_identify(install) by extension 'ignore'
[2.416s] Level 1:colcon.colcon_core.package_identification:_identify(install) ignored
[2.425s] Level 1:colcon.colcon_core.package_identification:_identify(log) by extensions ['ignore', 'ignore_ament_install']
[2.426s] Level 1:colcon.colcon_core.package_identification:_identify(log) by extension 'ignore'
[2.426s] Level 1:colcon.colcon_core.package_identification:_identify(log) ignored
[2.435s] Level 1:colcon.colcon_core.package_identification:_identify(src) by extensions ['ignore', 'ignore_ament_install']
[2.436s] Level 1:colcon.colcon_core.package_identification:_identify(src) by extension 'ignore'
[2.437s] Level 1:colcon.colcon_core.package_identification:_identify(src) by extension 'ignore_ament_install'
[2.440s] Level 1:colcon.colcon_core.package_identification:_identify(src) by extensions ['colcon_pkg']
[2.440s] Level 1:colcon.colcon_core.package_identification:_identify(src) by extension 'colcon_pkg'
[2.443s] Level 1:colcon.colcon_core.package_identification:_identify(src) by extensions ['colcon_meta']
[2.443s] Level 1:colcon.colcon_core.package_identification:_identify(src) by extension 'colcon_meta'
[2.443s] Level 1:colcon.colcon_core.package_identification:_identify(src) by extensions ['ros']
[2.444s] Level 1:colcon.colcon_core.package_identification:_identify(src) by extension 'ros'
[2.468s] Level 1:colcon.colcon_core.package_identification:_identify(src) by extensions ['cmake', 'python']
[2.468s] Level 1:colcon.colcon_core.package_identification:_identify(src) by extension 'cmake'
[2.470s] Level 1:colcon.colcon_core.package_identification:_identify(src) by extension 'python'
[2.472s] Level 1:colcon.colcon_core.package_identification:_identify(src) by extensions ['python_setup_py']
[2.472s] Level 1:colcon.colcon_core.package_identification:_identify(src) by extension 'python_setup_py'
[2.481s] Level 1:colcon.colcon_core.package_identification:_identify(src/bailey_drive) by extensions ['ignore', 'ignore_ament_install']
[2.482s] Level 1:colcon.colcon_core.package_identification:_identify(src/bailey_drive) by extension 'ignore'
[2.490s] Level 1:colcon.colcon_core.package_identification:_identify(src/bailey_drive) by extension 'ignore_ament_install'
[2.494s] Level 1:colcon.colcon_core.package_identification:_identify(src/bailey_drive) by extensions ['colcon_pkg']
[2.494s] Level 1:colcon.colcon_core.package_identification:_identify(src/bailey_drive) by extension 'colcon_pkg'
[2.498s] Level 1:colcon.colcon_core.package_identification:_identify(src/bailey_drive) by extensions ['colcon_meta']
[2.498s] Level 1:colcon.colcon_core.package_identification:_identify(src/bailey_drive) by extension 'colcon_meta'
[2.499s] Level 1:colcon.colcon_core.package_identification:_identify(src/bailey_drive) by extensions ['ros']
[2.499s] Level 1:colcon.colcon_core.package_identification:_identify(src/bailey_drive) by extension 'ros'
[2.532s] DEBUG:colcon.colcon_core.package_identification:Package 'src/bailey_drive' with type 'ros.ament_python' and name 'bailey_drive'
[2.541s] Level 1:colcon.colcon_core.package_identification:_identify(src/camera) by extensions ['ignore', 'ignore_ament_install']
[2.543s] Level 1:colcon.colcon_core.package_identification:_identify(src/camera) by extension 'ignore'
[2.545s] Level 1:colcon.colcon_core.package_identification:_identify(src/camera) by extension 'ignore_ament_install'
[2.555s] Level 1:colcon.colcon_core.package_identification:_identify(src/camera) by extensions ['colcon_pkg']
[2.556s] Level 1:colcon.colcon_core.package_identification:_identify(src/camera) by extension 'colcon_pkg'
[2.558s] Level 1:colcon.colcon_core.package_identification:_identify(src/camera) by extensions ['colcon_meta']
[2.558s] Level 1:colcon.colcon_core.package_identification:_identify(src/camera) by extension 'colcon_meta'
[2.559s] Level 1:colcon.colcon_core.package_identification:_identify(src/camera) by extensions ['ros']
[2.559s] Level 1:colcon.colcon_core.package_identification:_identify(src/camera) by extension 'ros'
[2.587s] DEBUG:colcon.colcon_core.package_identification:Package 'src/camera' with type 'ros.ament_python' and name 'camera'
[2.597s] Level 1:colcon.colcon_core.package_identification:_identify(src/camera_pan_tilt) by extensions ['ignore', 'ignore_ament_install']
[2.598s] Level 1:colcon.colcon_core.package_identification:_identify(src/camera_pan_tilt) by extension 'ignore'
[2.601s] Level 1:colcon.colcon_core.package_identification:_identify(src/camera_pan_tilt) by extension 'ignore_ament_install'
[2.610s] Level 1:colcon.colcon_core.package_identification:_identify(src/camera_pan_tilt) by extensions ['colcon_pkg']
[2.611s] Level 1:colcon.colcon_core.package_identification:_identify(src/camera_pan_tilt) by extension 'colcon_pkg'
[2.619s] Level 1:colcon.colcon_core.package_identification:_identify(src/camera_pan_tilt) by extensions ['colcon_meta']
[2.620s] Level 1:colcon.colcon_core.package_identification:_identify(src/camera_pan_tilt) by extension 'colcon_meta'
[2.621s] Level 1:colcon.colcon_core.package_identification:_identify(src/camera_pan_tilt) by extensions ['ros']
[2.621s] Level 1:colcon.colcon_core.package_identification:_identify(src/camera_pan_tilt) by extension 'ros'
[2.660s] DEBUG:colcon.colcon_core.package_identification:Package 'src/camera_pan_tilt' with type 'ros.ament_python' and name 'camera_pan_tilt'
[2.669s] Level 1:colcon.colcon_core.package_identification:_identify(src/jetbot_sys_info) by extensions ['ignore', 'ignore_ament_install']
[2.670s] Level 1:colcon.colcon_core.package_identification:_identify(src/jetbot_sys_info) by extension 'ignore'
[2.672s] Level 1:colcon.colcon_core.package_identification:_identify(src/jetbot_sys_info) by extension 'ignore_ament_install'
[2.677s] Level 1:colcon.colcon_core.package_identification:_identify(src/jetbot_sys_info) by extensions ['colcon_pkg']
[2.677s] Level 1:colcon.colcon_core.package_identification:_identify(src/jetbot_sys_info) by extension 'colcon_pkg'
[2.680s] Level 1:colcon.colcon_core.package_identification:_identify(src/jetbot_sys_info) by extensions ['colcon_meta']
[2.680s] Level 1:colcon.colcon_core.package_identification:_identify(src/jetbot_sys_info) by extension 'colcon_meta'
[2.681s] Level 1:colcon.colcon_core.package_identification:_identify(src/jetbot_sys_info) by extensions ['ros']
[2.681s] Level 1:colcon.colcon_core.package_identification:_identify(src/jetbot_sys_info) by extension 'ros'
[2.714s] DEBUG:colcon.colcon_core.package_identification:Package 'src/jetbot_sys_info' with type 'ros.ament_python' and name 'jetbot_sys_info'
[2.726s] Level 1:colcon.colcon_core.package_identification:_identify(src/ros2_rtimulib) by extensions ['ignore', 'ignore_ament_install']
[2.727s] Level 1:colcon.colcon_core.package_identification:_identify(src/ros2_rtimulib) by extension 'ignore'
[2.730s] Level 1:colcon.colcon_core.package_identification:_identify(src/ros2_rtimulib) by extension 'ignore_ament_install'
[2.733s] Level 1:colcon.colcon_core.package_identification:_identify(src/ros2_rtimulib) by extensions ['colcon_pkg']
[2.734s] Level 1:colcon.colcon_core.package_identification:_identify(src/ros2_rtimulib) by extension 'colcon_pkg'
[2.735s] Level 1:colcon.colcon_core.package_identification:_identify(src/ros2_rtimulib) by extensions ['colcon_meta']
[2.736s] Level 1:colcon.colcon_core.package_identification:_identify(src/ros2_rtimulib) by extension 'colcon_meta'
[2.737s] Level 1:colcon.colcon_core.package_identification:_identify(src/ros2_rtimulib) by extensions ['ros']
[2.737s] Level 1:colcon.colcon_core.package_identification:_identify(src/ros2_rtimulib) by extension 'ros'
[2.760s] DEBUG:colcon.colcon_core.package_identification:Package 'src/ros2_rtimulib' with type 'ros.ament_python' and name 'ros2_rtimulib'
[2.760s] Level 1:colcon.colcon_core.package_discovery:discover_packages(recursive) using defaults
[2.761s] Level 1:colcon.colcon_core.package_discovery:discover_packages(ignore) discover
[2.761s] Level 1:colcon.colcon_core.package_discovery:discover_packages(ignore) using defaults
[2.761s] Level 1:colcon.colcon_core.package_discovery:discover_packages(path) discover
[2.762s] Level 1:colcon.colcon_core.package_discovery:discover_packages(path) using defaults
[3.048s] INFO:colcon.colcon_core.package_selection:Skipping not selected package 'camera' in 'src/camera'
[3.048s] INFO:colcon.colcon_core.package_selection:Skipping not selected package 'camera_pan_tilt' in 'src/camera_pan_tilt'
[3.048s] INFO:colcon.colcon_core.package_selection:Skipping not selected package 'jetbot_sys_info' in 'src/jetbot_sys_info'
[3.048s] INFO:colcon.colcon_core.package_selection:Skipping not selected package 'ros2_rtimulib' in 'src/ros2_rtimulib'
[3.062s] Level 5:colcon.colcon_core.verb:set package 'bailey_drive' build argument 'cmake_args' from command line to 'None'
[3.063s] Level 5:colcon.colcon_core.verb:set package 'bailey_drive' build argument 'cmake_target' from command line to 'None'
[3.063s] Level 5:colcon.colcon_core.verb:set package 'bailey_drive' build argument 'cmake_target_skip_unavailable' from command line to 'False'
[3.063s] Level 5:colcon.colcon_core.verb:set package 'bailey_drive' build argument 'cmake_clean_cache' from command line to 'False'
[3.063s] Level 5:colcon.colcon_core.verb:set package 'bailey_drive' build argument 'cmake_clean_first' from command line to 'False'
[3.063s] Level 5:colcon.colcon_core.verb:set package 'bailey_drive' build argument 'cmake_force_configure' from command line to 'False'
[3.063s] Level 5:colcon.colcon_core.verb:set package 'bailey_drive' build argument 'ament_cmake_args' from command line to 'None'
[3.063s] Level 5:colcon.colcon_core.verb:set package 'bailey_drive' build argument 'catkin_cmake_args' from command line to 'None'
[3.064s] Level 5:colcon.colcon_core.verb:set package 'bailey_drive' build argument 'catkin_skip_building_tests' from command line to 'False'
[3.064s] DEBUG:colcon.colcon_core.verb:Building package 'bailey_drive' with the following arguments: {'ament_cmake_args': None, 'build_base': '/home/ubuntu/Software/ROS2/Bailey_2/bailey/build/bailey_drive', 'catkin_cmake_args': None, 'catkin_skip_building_tests': False, 'cmake_args': None, 'cmake_clean_cache': False, 'cmake_clean_first': False, 'cmake_force_configure': False, 'cmake_target': None, 'cmake_target_skip_unavailable': False, 'install_base': '/home/ubuntu/Software/ROS2/Bailey_2/bailey/install/bailey_drive', 'merge_install': False, 'path': '/home/ubuntu/Software/ROS2/Bailey_2/bailey/src/bailey_drive', 'symlink_install': False, 'test_result_base': None}
[3.070s] INFO:colcon.colcon_core.executor:Executing jobs using 'parallel' executor
[3.077s] DEBUG:colcon.colcon_parallel_executor.executor.parallel:run_until_complete
[3.078s] INFO:colcon.colcon_ros.task.ament_python.build:Building ROS package in '/home/ubuntu/Software/ROS2/Bailey_2/bailey/src/bailey_drive' with build type 'ament_python'
[3.079s] Level 1:colcon.colcon_core.shell:create_environment_hook('bailey_drive', 'ament_prefix_path')
[3.144s] INFO:colcon.colcon_core.plugin_system:Skipping extension 'colcon_core.shell.bat': Not used on non-Windows systems
[3.145s] INFO:colcon.colcon_core.shell:Creating environment hook '/home/ubuntu/Software/ROS2/Bailey_2/bailey/install/bailey_drive/share/bailey_drive/hook/ament_prefix_path.ps1'
[3.172s] INFO:colcon.colcon_core.shell:Creating environment descriptor '/home/ubuntu/Software/ROS2/Bailey_2/bailey/install/bailey_drive/share/bailey_drive/hook/ament_prefix_path.dsv'
[3.210s] INFO:colcon.colcon_core.shell:Creating environment hook '/home/ubuntu/Software/ROS2/Bailey_2/bailey/install/bailey_drive/share/bailey_drive/hook/ament_prefix_path.sh'
[3.237s] INFO:colcon.colcon_core.shell:Skip shell extension 'powershell' for command environment: Not usable outside of PowerShell
[3.238s] DEBUG:colcon.colcon_core.shell:Skip shell extension 'dsv' for command environment
[3.410s] DEBUG:colcon.colcon_core.shell:Ignoring prefix path '/opt/ros/foxy'
[4.736s] INFO:colcon.colcon_core.task.python.build:Building Python package in '/home/ubuntu/Software/ROS2/Bailey_2/bailey/src/bailey_drive'
[4.738s] INFO:colcon.colcon_core.shell:Skip shell extension 'powershell' for command environment: Not usable outside of PowerShell
[4.739s] DEBUG:colcon.colcon_core.shell:Skip shell extension 'dsv' for command environment
[4.798s] DEBUG:colcon.colcon_core.shell:Ignoring prefix path '/opt/ros/foxy'
[4.958s] DEBUG:colcon.colcon_core.event_handler.log_command:Invoking command in '/home/ubuntu/Software/ROS2/Bailey_2/bailey/build/bailey_drive': PYTHONPATH=/home/ubuntu/Software/ROS2/Bailey_2/bailey/install/bailey_drive/lib/python3.8/site-packages:${PYTHONPATH} /usr/bin/python3 setup.py develop --prefix /home/ubuntu/Software/ROS2/Bailey_2/bailey/install/bailey_drive --uninstall --editable --build-directory /home/ubuntu/Software/ROS2/Bailey_2/bailey/build/bailey_drive/build
[7.125s] DEBUG:colcon.colcon_core.event_handler.log_command:Invoked command in '/home/ubuntu/Software/ROS2/Bailey_2/bailey/build/bailey_drive' returned '0': PYTHONPATH=/home/ubuntu/Software/ROS2/Bailey_2/bailey/install/bailey_drive/lib/python3.8/site-packages:${PYTHONPATH} /usr/bin/python3 setup.py develop --prefix /home/ubuntu/Software/ROS2/Bailey_2/bailey/install/bailey_drive --uninstall --editable --build-directory /home/ubuntu/Software/ROS2/Bailey_2/bailey/build/bailey_drive/build
[7.148s] DEBUG:colcon.colcon_core.event_handler.log_command:Invoking command in '/home/ubuntu/Software/ROS2/Bailey_2/bailey/src/bailey_drive': PYTHONPATH=/home/ubuntu/Software/ROS2/Bailey_2/bailey/install/bailey_drive/lib/python3.8/site-packages:${PYTHONPATH} /usr/bin/python3 setup.py egg_info --egg-base ../../build/bailey_drive build --build-base /home/ubuntu/Software/ROS2/Bailey_2/bailey/build/bailey_drive/build install --prefix /home/ubuntu/Software/ROS2/Bailey_2/bailey/install/bailey_drive --record /home/ubuntu/Software/ROS2/Bailey_2/bailey/build/bailey_drive/install.log --single-version-externally-managed
[9.647s] DEBUG:colcon.colcon_core.event_handler.log_command:Invoked command in '/home/ubuntu/Software/ROS2/Bailey_2/bailey/src/bailey_drive' returned '0': PYTHONPATH=/home/ubuntu/Software/ROS2/Bailey_2/bailey/install/bailey_drive/lib/python3.8/site-packages:${PYTHONPATH} /usr/bin/python3 setup.py egg_info --egg-base ../../build/bailey_drive build --build-base /home/ubuntu/Software/ROS2/Bailey_2/bailey/build/bailey_drive/build install --prefix /home/ubuntu/Software/ROS2/Bailey_2/bailey/install/bailey_drive --record /home/ubuntu/Software/ROS2/Bailey_2/bailey/build/bailey_drive/install.log --single-version-externally-managed
[9.675s] Level 1:colcon.colcon_core.environment:checking '/home/ubuntu/Software/ROS2/Bailey_2/bailey/install/bailey_drive' for CMake module files
[9.701s] Level 1:colcon.colcon_core.environment:checking '/home/ubuntu/Software/ROS2/Bailey_2/bailey/install/bailey_drive' for CMake config files
[9.775s] Level 1:colcon.colcon_core.environment:checking '/home/ubuntu/Software/ROS2/Bailey_2/bailey/install/bailey_drive/lib'
[9.780s] Level 1:colcon.colcon_core.environment:checking '/home/ubuntu/Software/ROS2/Bailey_2/bailey/install/bailey_drive/bin'
[9.786s] Level 1:colcon.colcon_core.environment:checking '/home/ubuntu/Software/ROS2/Bailey_2/bailey/install/bailey_drive/lib/pkgconfig/bailey_drive.pc'
[9.789s] Level 1:colcon.colcon_core.environment:checking '/home/ubuntu/Software/ROS2/Bailey_2/bailey/install/bailey_drive/lib/python3.8/site-packages'
[9.789s] Level 1:colcon.colcon_core.shell:create_environment_hook('bailey_drive', 'pythonpath')
[9.793s] INFO:colcon.colcon_core.shell:Creating environment hook '/home/ubuntu/Software/ROS2/Bailey_2/bailey/install/bailey_drive/share/bailey_drive/hook/pythonpath.ps1'
[9.806s] INFO:colcon.colcon_core.shell:Creating environment descriptor '/home/ubuntu/Software/ROS2/Bailey_2/bailey/install/bailey_drive/share/bailey_drive/hook/pythonpath.dsv'
[9.824s] INFO:colcon.colcon_core.shell:Creating environment hook '/home/ubuntu/Software/ROS2/Bailey_2/bailey/install/bailey_drive/share/bailey_drive/hook/pythonpath.sh'
[9.853s] Level 1:colcon.colcon_core.environment:create_environment_scripts_only(bailey_drive)
[9.858s] INFO:colcon.colcon_core.shell:Creating package script '/home/ubuntu/Software/ROS2/Bailey_2/bailey/install/bailey_drive/share/bailey_drive/package.ps1'
[9.878s] INFO:colcon.colcon_core.shell:Creating package descriptor '/home/ubuntu/Software/ROS2/Bailey_2/bailey/install/bailey_drive/share/bailey_drive/package.dsv'
[9.895s] INFO:colcon.colcon_core.shell:Creating package script '/home/ubuntu/Software/ROS2/Bailey_2/bailey/install/bailey_drive/share/bailey_drive/package.sh'
[9.913s] INFO:colcon.colcon_core.shell:Creating package script '/home/ubuntu/Software/ROS2/Bailey_2/bailey/install/bailey_drive/share/bailey_drive/package.bash'
[9.933s] INFO:colcon.colcon_core.shell:Creating package script '/home/ubuntu/Software/ROS2/Bailey_2/bailey/install/bailey_drive/share/bailey_drive/package.zsh'
[9.950s] Level 1:colcon.colcon_core.environment:create_file_with_runtime_dependencies(/home/ubuntu/Software/ROS2/Bailey_2/bailey/install/bailey_drive/share/colcon-core/packages/bailey_drive)
[9.957s] DEBUG:colcon.colcon_parallel_executor.executor.parallel:closing loop
[9.958s] DEBUG:colcon.colcon_parallel_executor.executor.parallel:loop closed
[9.959s] DEBUG:colcon.colcon_parallel_executor.executor.parallel:run_until_complete finished with '0'
[9.959s] DEBUG:colcon.colcon_core.event_reactor:joining thread
[10.048s] INFO:colcon.colcon_core.plugin_system:Skipping extension 'colcon_notification.desktop_notification.notify_send': Could not find 'notify-send'
[10.049s] INFO:colcon.colcon_core.plugin_system:Skipping extension 'colcon_notification.desktop_notification.terminal_notifier': Not used on non-Darwin systems
[10.049s] INFO:colcon.colcon_core.plugin_system:Skipping extension 'colcon_notification.desktop_notification.win32': Not used on non-Windows systems
[10.050s] INFO:colcon.colcon_notification.desktop_notification:Sending desktop notification using 'notify2'
[10.088s] DEBUG:colcon.colcon_notification.desktop_notification.notify2:Failed to initialize notify2: org.freedesktop.DBus.Error.ServiceUnknown: The name org.freedesktop.Notifications was not provided by any .service files
[10.088s] DEBUG:colcon.colcon_core.event_reactor:joined thread
[10.091s] INFO:colcon.colcon_core.shell:Creating prefix script '/home/ubuntu/Software/ROS2/Bailey_2/bailey/install/local_setup.ps1'
[10.123s] INFO:colcon.colcon_core.shell:Creating prefix util module '/home/ubuntu/Software/ROS2/Bailey_2/bailey/install/_local_setup_util_ps1.py'
[10.153s] INFO:colcon.colcon_core.shell:Creating prefix chain script '/home/ubuntu/Software/ROS2/Bailey_2/bailey/install/setup.ps1'
[10.212s] INFO:colcon.colcon_core.shell:Creating prefix script '/home/ubuntu/Software/ROS2/Bailey_2/bailey/install/local_setup.sh'
[10.229s] INFO:colcon.colcon_core.shell:Creating prefix util module '/home/ubuntu/Software/ROS2/Bailey_2/bailey/install/_local_setup_util_sh.py'
[10.247s] INFO:colcon.colcon_core.shell:Creating prefix chain script '/home/ubuntu/Software/ROS2/Bailey_2/bailey/install/setup.sh'
[10.308s] INFO:colcon.colcon_core.shell:Creating prefix script '/home/ubuntu/Software/ROS2/Bailey_2/bailey/install/local_setup.bash'
[10.323s] INFO:colcon.colcon_core.shell:Creating prefix chain script '/home/ubuntu/Software/ROS2/Bailey_2/bailey/install/setup.bash'
[10.371s] INFO:colcon.colcon_core.shell:Creating prefix script '/home/ubuntu/Software/ROS2/Bailey_2/bailey/install/local_setup.zsh'
[10.391s] INFO:colcon.colcon_core.shell:Creating prefix chain script '/home/ubuntu/Software/ROS2/Bailey_2/bailey/install/setup.zsh'
