[0.419s] DEBUG:colcon:Command line arguments: ['/usr/bin/colcon', 'build']
[0.419s] DEBUG:colcon:Parsed command line arguments: Namespace(ament_cmake_args=None, base_paths=['.'], build_base='build', catkin_cmake_args=None, catkin_skip_building_tests=False, cmake_args=None, cmake_clean_cache=False, cmake_clean_first=False, cmake_force_configure=False, cmake_target=None, cmake_target_skip_unavailable=False, continue_on_error=False, event_handlers=None, executor='parallel', ignore_user_meta=False, install_base='install', log_base=None, log_level=None, main=<bound method BuildVerb.main of <colcon_core.verb.build.BuildVerb object at 0x7f3dd859cc70>>, merge_install=False, metas=['./colcon.meta'], packages_above=None, packages_above_and_dependencies=None, packages_above_depth=None, packages_end=None, packages_ignore=None, packages_ignore_regex=None, packages_select=None, packages_select_build_failed=False, packages_select_by_dep=None, packages_select_regex=None, packages_select_test_failures=False, packages_skip=None, packages_skip_build_finished=False, packages_skip_by_dep=None, packages_skip_regex=None, packages_skip_test_passed=False, packages_skip_up_to=None, packages_start=None, packages_up_to=None, packages_up_to_regex=None, parallel_workers=4, paths=None, symlink_install=False, test_result_base=None, verb_extension=<colcon_core.verb.build.BuildVerb object at 0x7f3dd859cc70>, verb_name='build', verb_parser=<colcon_defaults.argument_parser.defaults.DefaultArgumentsDecorator object at 0x7f3dd8448fa0>)
[0.468s] Level 1:colcon.colcon_core.package_discovery:discover_packages(colcon_meta) check parameters
[0.471s] Level 1:colcon.colcon_core.package_discovery:discover_packages(recursive) check parameters
[0.471s] Level 1:colcon.colcon_core.package_discovery:discover_packages(ignore) check parameters
[0.471s] Level 1:colcon.colcon_core.package_discovery:discover_packages(path) check parameters
[0.471s] Level 1:colcon.colcon_core.package_discovery:discover_packages(colcon_meta) discover
[0.472s] Level 1:colcon.colcon_core.package_discovery:discover_packages(recursive) discover
[0.472s] INFO:colcon.colcon_core.package_discovery:Crawling recursively for packages in '/home/paolo/NAS/Software/ROS2/Bailey/bailey'
[0.474s] Level 1:colcon.colcon_core.package_identification:_identify(.) by extensions ['ignore', 'ignore_ament_install']
[0.475s] Level 1:colcon.colcon_core.package_identification:_identify(.) by extension 'ignore'
[0.477s] Level 1:colcon.colcon_core.package_identification:_identify(.) by extension 'ignore_ament_install'
[0.482s] Level 1:colcon.colcon_core.package_identification:_identify(.) by extensions ['colcon_pkg']
[0.482s] Level 1:colcon.colcon_core.package_identification:_identify(.) by extension 'colcon_pkg'
[0.484s] Level 1:colcon.colcon_core.package_identification:_identify(.) by extensions ['colcon_meta']
[0.484s] Level 1:colcon.colcon_core.package_identification:_identify(.) by extension 'colcon_meta'
[0.485s] Level 1:colcon.colcon_core.package_identification:_identify(.) by extensions ['ros']
[0.485s] Level 1:colcon.colcon_core.package_identification:_identify(.) by extension 'ros'
[0.532s] Level 1:colcon.colcon_core.package_identification:_identify(.) by extensions ['cmake', 'python']
[0.533s] Level 1:colcon.colcon_core.package_identification:_identify(.) by extension 'cmake'
[0.535s] Level 1:colcon.colcon_core.package_identification:_identify(.) by extension 'python'
[0.537s] Level 1:colcon.colcon_core.package_identification:_identify(.) by extensions ['python_setup_py']
[0.537s] Level 1:colcon.colcon_core.package_identification:_identify(.) by extension 'python_setup_py'
[0.540s] Level 1:colcon.colcon_core.package_identification:_identify(build) by extensions ['ignore', 'ignore_ament_install']
[0.540s] Level 1:colcon.colcon_core.package_identification:_identify(build) by extension 'ignore'
[0.540s] Level 1:colcon.colcon_core.package_identification:_identify(build) ignored
[0.542s] Level 1:colcon.colcon_core.package_identification:_identify(install) by extensions ['ignore', 'ignore_ament_install']
[0.543s] Level 1:colcon.colcon_core.package_identification:_identify(install) by extension 'ignore'
[0.543s] Level 1:colcon.colcon_core.package_identification:_identify(install) ignored
[0.549s] Level 1:colcon.colcon_core.package_identification:_identify(log) by extensions ['ignore', 'ignore_ament_install']
[0.550s] Level 1:colcon.colcon_core.package_identification:_identify(log) by extension 'ignore'
[0.550s] Level 1:colcon.colcon_core.package_identification:_identify(log) ignored
[0.552s] Level 1:colcon.colcon_core.package_identification:_identify(src) by extensions ['ignore', 'ignore_ament_install']
[0.552s] Level 1:colcon.colcon_core.package_identification:_identify(src) by extension 'ignore'
[0.554s] Level 1:colcon.colcon_core.package_identification:_identify(src) by extension 'ignore_ament_install'
[0.559s] Level 1:colcon.colcon_core.package_identification:_identify(src) by extensions ['colcon_pkg']
[0.559s] Level 1:colcon.colcon_core.package_identification:_identify(src) by extension 'colcon_pkg'
[0.561s] Level 1:colcon.colcon_core.package_identification:_identify(src) by extensions ['colcon_meta']
[0.562s] Level 1:colcon.colcon_core.package_identification:_identify(src) by extension 'colcon_meta'
[0.562s] Level 1:colcon.colcon_core.package_identification:_identify(src) by extensions ['ros']
[0.562s] Level 1:colcon.colcon_core.package_identification:_identify(src) by extension 'ros'
[0.571s] Level 1:colcon.colcon_core.package_identification:_identify(src) by extensions ['cmake', 'python']
[0.571s] Level 1:colcon.colcon_core.package_identification:_identify(src) by extension 'cmake'
[0.573s] Level 1:colcon.colcon_core.package_identification:_identify(src) by extension 'python'
[0.576s] Level 1:colcon.colcon_core.package_identification:_identify(src) by extensions ['python_setup_py']
[0.576s] Level 1:colcon.colcon_core.package_identification:_identify(src) by extension 'python_setup_py'
[0.579s] Level 1:colcon.colcon_core.package_identification:_identify(src/bailey_drive) by extensions ['ignore', 'ignore_ament_install']
[0.579s] Level 1:colcon.colcon_core.package_identification:_identify(src/bailey_drive) by extension 'ignore'
[0.582s] Level 1:colcon.colcon_core.package_identification:_identify(src/bailey_drive) by extension 'ignore_ament_install'
[0.586s] Level 1:colcon.colcon_core.package_identification:_identify(src/bailey_drive) by extensions ['colcon_pkg']
[0.587s] Level 1:colcon.colcon_core.package_identification:_identify(src/bailey_drive) by extension 'colcon_pkg'
[0.589s] Level 1:colcon.colcon_core.package_identification:_identify(src/bailey_drive) by extensions ['colcon_meta']
[0.589s] Level 1:colcon.colcon_core.package_identification:_identify(src/bailey_drive) by extension 'colcon_meta'
[0.590s] Level 1:colcon.colcon_core.package_identification:_identify(src/bailey_drive) by extensions ['ros']
[0.590s] Level 1:colcon.colcon_core.package_identification:_identify(src/bailey_drive) by extension 'ros'
[0.626s] DEBUG:colcon.colcon_core.package_identification:Package 'src/bailey_drive' with type 'ros.ament_python' and name 'bailey_drive'
[0.628s] Level 1:colcon.colcon_core.package_identification:_identify(src/camera) by extensions ['ignore', 'ignore_ament_install']
[0.629s] Level 1:colcon.colcon_core.package_identification:_identify(src/camera) by extension 'ignore'
[0.632s] Level 1:colcon.colcon_core.package_identification:_identify(src/camera) by extension 'ignore_ament_install'
[0.636s] Level 1:colcon.colcon_core.package_identification:_identify(src/camera) by extensions ['colcon_pkg']
[0.637s] Level 1:colcon.colcon_core.package_identification:_identify(src/camera) by extension 'colcon_pkg'
[0.639s] Level 1:colcon.colcon_core.package_identification:_identify(src/camera) by extensions ['colcon_meta']
[0.640s] Level 1:colcon.colcon_core.package_identification:_identify(src/camera) by extension 'colcon_meta'
[0.640s] Level 1:colcon.colcon_core.package_identification:_identify(src/camera) by extensions ['ros']
[0.640s] Level 1:colcon.colcon_core.package_identification:_identify(src/camera) by extension 'ros'
[0.666s] DEBUG:colcon.colcon_core.package_identification:Package 'src/camera' with type 'ros.ament_python' and name 'camera'
[0.668s] Level 1:colcon.colcon_core.package_identification:_identify(src/camera_pan_tilt) by extensions ['ignore', 'ignore_ament_install']
[0.669s] Level 1:colcon.colcon_core.package_identification:_identify(src/camera_pan_tilt) by extension 'ignore'
[0.671s] Level 1:colcon.colcon_core.package_identification:_identify(src/camera_pan_tilt) by extension 'ignore_ament_install'
[0.676s] Level 1:colcon.colcon_core.package_identification:_identify(src/camera_pan_tilt) by extensions ['colcon_pkg']
[0.676s] Level 1:colcon.colcon_core.package_identification:_identify(src/camera_pan_tilt) by extension 'colcon_pkg'
[0.679s] Level 1:colcon.colcon_core.package_identification:_identify(src/camera_pan_tilt) by extensions ['colcon_meta']
[0.679s] Level 1:colcon.colcon_core.package_identification:_identify(src/camera_pan_tilt) by extension 'colcon_meta'
[0.679s] Level 1:colcon.colcon_core.package_identification:_identify(src/camera_pan_tilt) by extensions ['ros']
[0.679s] Level 1:colcon.colcon_core.package_identification:_identify(src/camera_pan_tilt) by extension 'ros'
[0.713s] DEBUG:colcon.colcon_core.package_identification:Package 'src/camera_pan_tilt' with type 'ros.ament_python' and name 'camera_pan_tilt'
[0.715s] Level 1:colcon.colcon_core.package_identification:_identify(src/jetbot_sys_info) by extensions ['ignore', 'ignore_ament_install']
[0.716s] Level 1:colcon.colcon_core.package_identification:_identify(src/jetbot_sys_info) by extension 'ignore'
[0.719s] Level 1:colcon.colcon_core.package_identification:_identify(src/jetbot_sys_info) by extension 'ignore_ament_install'
[0.724s] Level 1:colcon.colcon_core.package_identification:_identify(src/jetbot_sys_info) by extensions ['colcon_pkg']
[0.724s] Level 1:colcon.colcon_core.package_identification:_identify(src/jetbot_sys_info) by extension 'colcon_pkg'
[0.727s] Level 1:colcon.colcon_core.package_identification:_identify(src/jetbot_sys_info) by extensions ['colcon_meta']
[0.727s] Level 1:colcon.colcon_core.package_identification:_identify(src/jetbot_sys_info) by extension 'colcon_meta'
[0.728s] Level 1:colcon.colcon_core.package_identification:_identify(src/jetbot_sys_info) by extensions ['ros']
[0.728s] Level 1:colcon.colcon_core.package_identification:_identify(src/jetbot_sys_info) by extension 'ros'
[0.753s] DEBUG:colcon.colcon_core.package_identification:Package 'src/jetbot_sys_info' with type 'ros.ament_python' and name 'jetbot_sys_info'
[0.756s] Level 1:colcon.colcon_core.package_identification:_identify(src/ros2_rtimulib) by extensions ['ignore', 'ignore_ament_install']
[0.756s] Level 1:colcon.colcon_core.package_identification:_identify(src/ros2_rtimulib) by extension 'ignore'
[0.759s] Level 1:colcon.colcon_core.package_identification:_identify(src/ros2_rtimulib) by extension 'ignore_ament_install'
[0.765s] Level 1:colcon.colcon_core.package_identification:_identify(src/ros2_rtimulib) by extensions ['colcon_pkg']
[0.765s] Level 1:colcon.colcon_core.package_identification:_identify(src/ros2_rtimulib) by extension 'colcon_pkg'
[0.768s] Level 1:colcon.colcon_core.package_identification:_identify(src/ros2_rtimulib) by extensions ['colcon_meta']
[0.768s] Level 1:colcon.colcon_core.package_identification:_identify(src/ros2_rtimulib) by extension 'colcon_meta'
[0.768s] Level 1:colcon.colcon_core.package_identification:_identify(src/ros2_rtimulib) by extensions ['ros']
[0.769s] Level 1:colcon.colcon_core.package_identification:_identify(src/ros2_rtimulib) by extension 'ros'
[0.797s] DEBUG:colcon.colcon_core.package_identification:Package 'src/ros2_rtimulib' with type 'ros.ament_python' and name 'ros2_rtimulib'
[0.798s] Level 1:colcon.colcon_core.package_discovery:discover_packages(recursive) using defaults
[0.798s] Level 1:colcon.colcon_core.package_discovery:discover_packages(ignore) discover
[0.798s] Level 1:colcon.colcon_core.package_discovery:discover_packages(ignore) using defaults
[0.798s] Level 1:colcon.colcon_core.package_discovery:discover_packages(path) discover
[0.798s] Level 1:colcon.colcon_core.package_discovery:discover_packages(path) using defaults
[0.852s] Level 5:colcon.colcon_core.verb:set package 'bailey_drive' build argument 'cmake_args' from command line to 'None'
[0.852s] Level 5:colcon.colcon_core.verb:set package 'bailey_drive' build argument 'cmake_target' from command line to 'None'
[0.852s] Level 5:colcon.colcon_core.verb:set package 'bailey_drive' build argument 'cmake_target_skip_unavailable' from command line to 'False'
[0.852s] Level 5:colcon.colcon_core.verb:set package 'bailey_drive' build argument 'cmake_clean_cache' from command line to 'False'
[0.852s] Level 5:colcon.colcon_core.verb:set package 'bailey_drive' build argument 'cmake_clean_first' from command line to 'False'
[0.852s] Level 5:colcon.colcon_core.verb:set package 'bailey_drive' build argument 'cmake_force_configure' from command line to 'False'
[0.852s] Level 5:colcon.colcon_core.verb:set package 'bailey_drive' build argument 'ament_cmake_args' from command line to 'None'
[0.852s] Level 5:colcon.colcon_core.verb:set package 'bailey_drive' build argument 'catkin_cmake_args' from command line to 'None'
[0.852s] Level 5:colcon.colcon_core.verb:set package 'bailey_drive' build argument 'catkin_skip_building_tests' from command line to 'False'
[0.852s] DEBUG:colcon.colcon_core.verb:Building package 'bailey_drive' with the following arguments: {'ament_cmake_args': None, 'build_base': '/home/paolo/NAS/Software/ROS2/Bailey/bailey/build/bailey_drive', 'catkin_cmake_args': None, 'catkin_skip_building_tests': False, 'cmake_args': None, 'cmake_clean_cache': False, 'cmake_clean_first': False, 'cmake_force_configure': False, 'cmake_target': None, 'cmake_target_skip_unavailable': False, 'install_base': '/home/paolo/NAS/Software/ROS2/Bailey/bailey/install/bailey_drive', 'merge_install': False, 'path': '/home/paolo/NAS/Software/ROS2/Bailey/bailey/src/bailey_drive', 'symlink_install': False, 'test_result_base': None}
[0.855s] Level 5:colcon.colcon_core.verb:set package 'camera' build argument 'cmake_args' from command line to 'None'
[0.855s] Level 5:colcon.colcon_core.verb:set package 'camera' build argument 'cmake_target' from command line to 'None'
[0.855s] Level 5:colcon.colcon_core.verb:set package 'camera' build argument 'cmake_target_skip_unavailable' from command line to 'False'
[0.855s] Level 5:colcon.colcon_core.verb:set package 'camera' build argument 'cmake_clean_cache' from command line to 'False'
[0.855s] Level 5:colcon.colcon_core.verb:set package 'camera' build argument 'cmake_clean_first' from command line to 'False'
[0.855s] Level 5:colcon.colcon_core.verb:set package 'camera' build argument 'cmake_force_configure' from command line to 'False'
[0.855s] Level 5:colcon.colcon_core.verb:set package 'camera' build argument 'ament_cmake_args' from command line to 'None'
[0.855s] Level 5:colcon.colcon_core.verb:set package 'camera' build argument 'catkin_cmake_args' from command line to 'None'
[0.855s] Level 5:colcon.colcon_core.verb:set package 'camera' build argument 'catkin_skip_building_tests' from command line to 'False'
[0.855s] DEBUG:colcon.colcon_core.verb:Building package 'camera' with the following arguments: {'ament_cmake_args': None, 'build_base': '/home/paolo/NAS/Software/ROS2/Bailey/bailey/build/camera', 'catkin_cmake_args': None, 'catkin_skip_building_tests': False, 'cmake_args': None, 'cmake_clean_cache': False, 'cmake_clean_first': False, 'cmake_force_configure': False, 'cmake_target': None, 'cmake_target_skip_unavailable': False, 'install_base': '/home/paolo/NAS/Software/ROS2/Bailey/bailey/install/camera', 'merge_install': False, 'path': '/home/paolo/NAS/Software/ROS2/Bailey/bailey/src/camera', 'symlink_install': False, 'test_result_base': None}
[0.857s] Level 5:colcon.colcon_core.verb:set package 'camera_pan_tilt' build argument 'cmake_args' from command line to 'None'
[0.857s] Level 5:colcon.colcon_core.verb:set package 'camera_pan_tilt' build argument 'cmake_target' from command line to 'None'
[0.857s] Level 5:colcon.colcon_core.verb:set package 'camera_pan_tilt' build argument 'cmake_target_skip_unavailable' from command line to 'False'
[0.857s] Level 5:colcon.colcon_core.verb:set package 'camera_pan_tilt' build argument 'cmake_clean_cache' from command line to 'False'
[0.857s] Level 5:colcon.colcon_core.verb:set package 'camera_pan_tilt' build argument 'cmake_clean_first' from command line to 'False'
[0.857s] Level 5:colcon.colcon_core.verb:set package 'camera_pan_tilt' build argument 'cmake_force_configure' from command line to 'False'
[0.857s] Level 5:colcon.colcon_core.verb:set package 'camera_pan_tilt' build argument 'ament_cmake_args' from command line to 'None'
[0.857s] Level 5:colcon.colcon_core.verb:set package 'camera_pan_tilt' build argument 'catkin_cmake_args' from command line to 'None'
[0.857s] Level 5:colcon.colcon_core.verb:set package 'camera_pan_tilt' build argument 'catkin_skip_building_tests' from command line to 'False'
[0.857s] DEBUG:colcon.colcon_core.verb:Building package 'camera_pan_tilt' with the following arguments: {'ament_cmake_args': None, 'build_base': '/home/paolo/NAS/Software/ROS2/Bailey/bailey/build/camera_pan_tilt', 'catkin_cmake_args': None, 'catkin_skip_building_tests': False, 'cmake_args': None, 'cmake_clean_cache': False, 'cmake_clean_first': False, 'cmake_force_configure': False, 'cmake_target': None, 'cmake_target_skip_unavailable': False, 'install_base': '/home/paolo/NAS/Software/ROS2/Bailey/bailey/install/camera_pan_tilt', 'merge_install': False, 'path': '/home/paolo/NAS/Software/ROS2/Bailey/bailey/src/camera_pan_tilt', 'symlink_install': False, 'test_result_base': None}
[0.860s] Level 5:colcon.colcon_core.verb:set package 'jetbot_sys_info' build argument 'cmake_args' from command line to 'None'
[0.860s] Level 5:colcon.colcon_core.verb:set package 'jetbot_sys_info' build argument 'cmake_target' from command line to 'None'
[0.860s] Level 5:colcon.colcon_core.verb:set package 'jetbot_sys_info' build argument 'cmake_target_skip_unavailable' from command line to 'False'
[0.860s] Level 5:colcon.colcon_core.verb:set package 'jetbot_sys_info' build argument 'cmake_clean_cache' from command line to 'False'
[0.860s] Level 5:colcon.colcon_core.verb:set package 'jetbot_sys_info' build argument 'cmake_clean_first' from command line to 'False'
[0.860s] Level 5:colcon.colcon_core.verb:set package 'jetbot_sys_info' build argument 'cmake_force_configure' from command line to 'False'
[0.860s] Level 5:colcon.colcon_core.verb:set package 'jetbot_sys_info' build argument 'ament_cmake_args' from command line to 'None'
[0.860s] Level 5:colcon.colcon_core.verb:set package 'jetbot_sys_info' build argument 'catkin_cmake_args' from command line to 'None'
[0.860s] Level 5:colcon.colcon_core.verb:set package 'jetbot_sys_info' build argument 'catkin_skip_building_tests' from command line to 'False'
[0.860s] DEBUG:colcon.colcon_core.verb:Building package 'jetbot_sys_info' with the following arguments: {'ament_cmake_args': None, 'build_base': '/home/paolo/NAS/Software/ROS2/Bailey/bailey/build/jetbot_sys_info', 'catkin_cmake_args': None, 'catkin_skip_building_tests': False, 'cmake_args': None, 'cmake_clean_cache': False, 'cmake_clean_first': False, 'cmake_force_configure': False, 'cmake_target': None, 'cmake_target_skip_unavailable': False, 'install_base': '/home/paolo/NAS/Software/ROS2/Bailey/bailey/install/jetbot_sys_info', 'merge_install': False, 'path': '/home/paolo/NAS/Software/ROS2/Bailey/bailey/src/jetbot_sys_info', 'symlink_install': False, 'test_result_base': None}
[0.862s] Level 5:colcon.colcon_core.verb:set package 'ros2_rtimulib' build argument 'cmake_args' from command line to 'None'
[0.862s] Level 5:colcon.colcon_core.verb:set package 'ros2_rtimulib' build argument 'cmake_target' from command line to 'None'
[0.862s] Level 5:colcon.colcon_core.verb:set package 'ros2_rtimulib' build argument 'cmake_target_skip_unavailable' from command line to 'False'
[0.862s] Level 5:colcon.colcon_core.verb:set package 'ros2_rtimulib' build argument 'cmake_clean_cache' from command line to 'False'
[0.862s] Level 5:colcon.colcon_core.verb:set package 'ros2_rtimulib' build argument 'cmake_clean_first' from command line to 'False'
[0.862s] Level 5:colcon.colcon_core.verb:set package 'ros2_rtimulib' build argument 'cmake_force_configure' from command line to 'False'
[0.862s] Level 5:colcon.colcon_core.verb:set package 'ros2_rtimulib' build argument 'ament_cmake_args' from command line to 'None'
[0.862s] Level 5:colcon.colcon_core.verb:set package 'ros2_rtimulib' build argument 'catkin_cmake_args' from command line to 'None'
[0.862s] Level 5:colcon.colcon_core.verb:set package 'ros2_rtimulib' build argument 'catkin_skip_building_tests' from command line to 'False'
[0.862s] DEBUG:colcon.colcon_core.verb:Building package 'ros2_rtimulib' with the following arguments: {'ament_cmake_args': None, 'build_base': '/home/paolo/NAS/Software/ROS2/Bailey/bailey/build/ros2_rtimulib', 'catkin_cmake_args': None, 'catkin_skip_building_tests': False, 'cmake_args': None, 'cmake_clean_cache': False, 'cmake_clean_first': False, 'cmake_force_configure': False, 'cmake_target': None, 'cmake_target_skip_unavailable': False, 'install_base': '/home/paolo/NAS/Software/ROS2/Bailey/bailey/install/ros2_rtimulib', 'merge_install': False, 'path': '/home/paolo/NAS/Software/ROS2/Bailey/bailey/src/ros2_rtimulib', 'symlink_install': False, 'test_result_base': None}
[0.862s] INFO:colcon.colcon_core.executor:Executing jobs using 'parallel' executor
[0.864s] DEBUG:colcon.colcon_parallel_executor.executor.parallel:run_until_complete
[0.864s] INFO:colcon.colcon_ros.task.ament_python.build:Building ROS package in '/home/paolo/NAS/Software/ROS2/Bailey/bailey/src/bailey_drive' with build type 'ament_python'
[0.864s] Level 1:colcon.colcon_core.shell:create_environment_hook('bailey_drive', 'ament_prefix_path')
[0.876s] INFO:colcon.colcon_core.plugin_system:Skipping extension 'colcon_core.shell.bat': Not used on non-Windows systems
[0.876s] INFO:colcon.colcon_core.shell:Creating environment hook '/home/paolo/NAS/Software/ROS2/Bailey/bailey/install/bailey_drive/share/bailey_drive/hook/ament_prefix_path.ps1'
[0.938s] INFO:colcon.colcon_core.shell:Creating environment descriptor '/home/paolo/NAS/Software/ROS2/Bailey/bailey/install/bailey_drive/share/bailey_drive/hook/ament_prefix_path.dsv'
[0.961s] INFO:colcon.colcon_core.shell:Creating environment hook '/home/paolo/NAS/Software/ROS2/Bailey/bailey/install/bailey_drive/share/bailey_drive/hook/ament_prefix_path.sh'
[0.981s] INFO:colcon.colcon_core.shell:Skip shell extension 'powershell' for command environment: Not usable outside of PowerShell
[0.981s] DEBUG:colcon.colcon_core.shell:Skip shell extension 'dsv' for command environment
[1.009s] DEBUG:colcon.colcon_core.shell:Ignoring prefix path '/opt/ros/foxy'
[1.047s] INFO:colcon.colcon_ros.task.ament_python.build:Building ROS package in '/home/paolo/NAS/Software/ROS2/Bailey/bailey/src/camera' with build type 'ament_python'
[1.048s] Level 1:colcon.colcon_core.shell:create_environment_hook('camera', 'ament_prefix_path')
[1.051s] INFO:colcon.colcon_core.shell:Creating environment hook '/home/paolo/NAS/Software/ROS2/Bailey/bailey/install/camera/share/camera/hook/ament_prefix_path.ps1'
[1.092s] INFO:colcon.colcon_core.shell:Creating environment descriptor '/home/paolo/NAS/Software/ROS2/Bailey/bailey/install/camera/share/camera/hook/ament_prefix_path.dsv'
[1.112s] INFO:colcon.colcon_core.shell:Creating environment hook '/home/paolo/NAS/Software/ROS2/Bailey/bailey/install/camera/share/camera/hook/ament_prefix_path.sh'
[1.131s] INFO:colcon.colcon_core.shell:Skip shell extension 'powershell' for command environment: Not usable outside of PowerShell
[1.131s] DEBUG:colcon.colcon_core.shell:Skip shell extension 'dsv' for command environment
[1.153s] DEBUG:colcon.colcon_core.shell:Ignoring prefix path '/opt/ros/foxy'
[1.282s] INFO:colcon.colcon_ros.task.ament_python.build:Building ROS package in '/home/paolo/NAS/Software/ROS2/Bailey/bailey/src/camera_pan_tilt' with build type 'ament_python'
[1.283s] Level 1:colcon.colcon_core.shell:create_environment_hook('camera_pan_tilt', 'ament_prefix_path')
[1.287s] INFO:colcon.colcon_core.shell:Creating environment hook '/home/paolo/NAS/Software/ROS2/Bailey/bailey/install/camera_pan_tilt/share/camera_pan_tilt/hook/ament_prefix_path.ps1'
[1.340s] INFO:colcon.colcon_core.shell:Creating environment descriptor '/home/paolo/NAS/Software/ROS2/Bailey/bailey/install/camera_pan_tilt/share/camera_pan_tilt/hook/ament_prefix_path.dsv'
[1.361s] INFO:colcon.colcon_core.shell:Creating environment hook '/home/paolo/NAS/Software/ROS2/Bailey/bailey/install/camera_pan_tilt/share/camera_pan_tilt/hook/ament_prefix_path.sh'
[1.381s] INFO:colcon.colcon_core.shell:Skip shell extension 'powershell' for command environment: Not usable outside of PowerShell
[1.381s] DEBUG:colcon.colcon_core.shell:Skip shell extension 'dsv' for command environment
[1.404s] DEBUG:colcon.colcon_core.shell:Ignoring prefix path '/opt/ros/foxy'
[1.445s] INFO:colcon.colcon_ros.task.ament_python.build:Building ROS package in '/home/paolo/NAS/Software/ROS2/Bailey/bailey/src/jetbot_sys_info' with build type 'ament_python'
[1.446s] Level 1:colcon.colcon_core.shell:create_environment_hook('jetbot_sys_info', 'ament_prefix_path')
[1.450s] INFO:colcon.colcon_core.shell:Creating environment hook '/home/paolo/NAS/Software/ROS2/Bailey/bailey/install/jetbot_sys_info/share/jetbot_sys_info/hook/ament_prefix_path.ps1'
[1.490s] INFO:colcon.colcon_core.shell:Creating environment descriptor '/home/paolo/NAS/Software/ROS2/Bailey/bailey/install/jetbot_sys_info/share/jetbot_sys_info/hook/ament_prefix_path.dsv'
[1.508s] INFO:colcon.colcon_core.shell:Creating environment hook '/home/paolo/NAS/Software/ROS2/Bailey/bailey/install/jetbot_sys_info/share/jetbot_sys_info/hook/ament_prefix_path.sh'
[1.528s] INFO:colcon.colcon_core.shell:Skip shell extension 'powershell' for command environment: Not usable outside of PowerShell
[1.528s] DEBUG:colcon.colcon_core.shell:Skip shell extension 'dsv' for command environment
[1.551s] DEBUG:colcon.colcon_core.shell:Ignoring prefix path '/opt/ros/foxy'
[1.881s] INFO:colcon.colcon_core.task.python.build:Building Python package in '/home/paolo/NAS/Software/ROS2/Bailey/bailey/src/bailey_drive'
[1.882s] INFO:colcon.colcon_core.shell:Skip shell extension 'powershell' for command environment: Not usable outside of PowerShell
[1.882s] DEBUG:colcon.colcon_core.shell:Skip shell extension 'dsv' for command environment
[1.892s] DEBUG:colcon.colcon_core.shell:Ignoring prefix path '/opt/ros/foxy'
[2.191s] INFO:colcon.colcon_core.task.python.build:Building Python package in '/home/paolo/NAS/Software/ROS2/Bailey/bailey/src/camera'
[2.192s] INFO:colcon.colcon_core.shell:Skip shell extension 'powershell' for command environment: Not usable outside of PowerShell
[2.192s] DEBUG:colcon.colcon_core.shell:Skip shell extension 'dsv' for command environment
[2.200s] DEBUG:colcon.colcon_core.shell:Ignoring prefix path '/opt/ros/foxy'
[2.511s] INFO:colcon.colcon_core.task.python.build:Building Python package in '/home/paolo/NAS/Software/ROS2/Bailey/bailey/src/camera_pan_tilt'
[2.512s] INFO:colcon.colcon_core.shell:Skip shell extension 'powershell' for command environment: Not usable outside of PowerShell
[2.512s] DEBUG:colcon.colcon_core.shell:Skip shell extension 'dsv' for command environment
[2.523s] DEBUG:colcon.colcon_core.shell:Ignoring prefix path '/opt/ros/foxy'
[2.843s] INFO:colcon.colcon_core.task.python.build:Building Python package in '/home/paolo/NAS/Software/ROS2/Bailey/bailey/src/jetbot_sys_info'
[2.844s] INFO:colcon.colcon_core.shell:Skip shell extension 'powershell' for command environment: Not usable outside of PowerShell
[2.844s] DEBUG:colcon.colcon_core.shell:Skip shell extension 'dsv' for command environment
[2.855s] DEBUG:colcon.colcon_core.shell:Ignoring prefix path '/opt/ros/foxy'
[3.036s] DEBUG:colcon.colcon_core.event_handler.log_command:Invoking command in '/home/paolo/NAS/Software/ROS2/Bailey/bailey/src/bailey_drive': PYTHONPATH=/home/paolo/NAS/Software/ROS2/Bailey/bailey/install/bailey_drive/lib/python3.8/site-packages:${PYTHONPATH} /usr/bin/python3 setup.py egg_info --egg-base ../../build/bailey_drive build --build-base /home/paolo/NAS/Software/ROS2/Bailey/bailey/build/bailey_drive/build install --prefix /home/paolo/NAS/Software/ROS2/Bailey/bailey/install/bailey_drive --record /home/paolo/NAS/Software/ROS2/Bailey/bailey/build/bailey_drive/install.log --single-version-externally-managed
[3.130s] DEBUG:colcon.colcon_core.event_handler.log_command:Invoking command in '/home/paolo/NAS/Software/ROS2/Bailey/bailey/src/camera': PYTHONPATH=/home/paolo/NAS/Software/ROS2/Bailey/bailey/install/camera/lib/python3.8/site-packages:${PYTHONPATH} /usr/bin/python3 setup.py egg_info --egg-base ../../build/camera build --build-base /home/paolo/NAS/Software/ROS2/Bailey/bailey/build/camera/build install --prefix /home/paolo/NAS/Software/ROS2/Bailey/bailey/install/camera --record /home/paolo/NAS/Software/ROS2/Bailey/bailey/build/camera/install.log --single-version-externally-managed
[3.400s] DEBUG:colcon.colcon_core.event_handler.log_command:Invoking command in '/home/paolo/NAS/Software/ROS2/Bailey/bailey/src/camera_pan_tilt': PYTHONPATH=/home/paolo/NAS/Software/ROS2/Bailey/bailey/install/camera_pan_tilt/lib/python3.8/site-packages:${PYTHONPATH} /usr/bin/python3 setup.py egg_info --egg-base ../../build/camera_pan_tilt build --build-base /home/paolo/NAS/Software/ROS2/Bailey/bailey/build/camera_pan_tilt/build install --prefix /home/paolo/NAS/Software/ROS2/Bailey/bailey/install/camera_pan_tilt --record /home/paolo/NAS/Software/ROS2/Bailey/bailey/build/camera_pan_tilt/install.log --single-version-externally-managed
[3.453s] DEBUG:colcon.colcon_core.event_handler.log_command:Invoking command in '/home/paolo/NAS/Software/ROS2/Bailey/bailey/src/jetbot_sys_info': PYTHONPATH=/home/paolo/NAS/Software/ROS2/Bailey/bailey/install/jetbot_sys_info/lib/python3.8/site-packages:${PYTHONPATH} /usr/bin/python3 setup.py egg_info --egg-base ../../build/jetbot_sys_info build --build-base /home/paolo/NAS/Software/ROS2/Bailey/bailey/build/jetbot_sys_info/build install --prefix /home/paolo/NAS/Software/ROS2/Bailey/bailey/install/jetbot_sys_info --record /home/paolo/NAS/Software/ROS2/Bailey/bailey/build/jetbot_sys_info/install.log --single-version-externally-managed
[4.352s] DEBUG:colcon.colcon_core.event_handler.log_command:Invoked command in '/home/paolo/NAS/Software/ROS2/Bailey/bailey/src/bailey_drive' returned '0': PYTHONPATH=/home/paolo/NAS/Software/ROS2/Bailey/bailey/install/bailey_drive/lib/python3.8/site-packages:${PYTHONPATH} /usr/bin/python3 setup.py egg_info --egg-base ../../build/bailey_drive build --build-base /home/paolo/NAS/Software/ROS2/Bailey/bailey/build/bailey_drive/build install --prefix /home/paolo/NAS/Software/ROS2/Bailey/bailey/install/bailey_drive --record /home/paolo/NAS/Software/ROS2/Bailey/bailey/build/bailey_drive/install.log --single-version-externally-managed
[4.358s] Level 1:colcon.colcon_core.environment:checking '/home/paolo/NAS/Software/ROS2/Bailey/bailey/install/bailey_drive' for CMake module files
[4.391s] Level 1:colcon.colcon_core.environment:checking '/home/paolo/NAS/Software/ROS2/Bailey/bailey/install/bailey_drive' for CMake config files
[4.448s] Level 1:colcon.colcon_core.environment:checking '/home/paolo/NAS/Software/ROS2/Bailey/bailey/install/bailey_drive/lib'
[4.454s] Level 1:colcon.colcon_core.environment:checking '/home/paolo/NAS/Software/ROS2/Bailey/bailey/install/bailey_drive/bin'
[4.457s] Level 1:colcon.colcon_core.environment:checking '/home/paolo/NAS/Software/ROS2/Bailey/bailey/install/bailey_drive/lib/pkgconfig/bailey_drive.pc'
[4.459s] Level 1:colcon.colcon_core.environment:checking '/home/paolo/NAS/Software/ROS2/Bailey/bailey/install/bailey_drive/lib/python3.8/site-packages'
[4.460s] Level 1:colcon.colcon_core.shell:create_environment_hook('bailey_drive', 'pythonpath')
[4.461s] INFO:colcon.colcon_core.shell:Creating environment hook '/home/paolo/NAS/Software/ROS2/Bailey/bailey/install/bailey_drive/share/bailey_drive/hook/pythonpath.ps1'
[4.477s] INFO:colcon.colcon_core.shell:Creating environment descriptor '/home/paolo/NAS/Software/ROS2/Bailey/bailey/install/bailey_drive/share/bailey_drive/hook/pythonpath.dsv'
[4.493s] INFO:colcon.colcon_core.shell:Creating environment hook '/home/paolo/NAS/Software/ROS2/Bailey/bailey/install/bailey_drive/share/bailey_drive/hook/pythonpath.sh'
[4.512s] Level 1:colcon.colcon_core.environment:create_environment_scripts_only(bailey_drive)
[4.516s] INFO:colcon.colcon_core.shell:Creating package script '/home/paolo/NAS/Software/ROS2/Bailey/bailey/install/bailey_drive/share/bailey_drive/package.ps1'
[4.546s] INFO:colcon.colcon_core.shell:Creating package descriptor '/home/paolo/NAS/Software/ROS2/Bailey/bailey/install/bailey_drive/share/bailey_drive/package.dsv'
[4.563s] INFO:colcon.colcon_core.shell:Creating package script '/home/paolo/NAS/Software/ROS2/Bailey/bailey/install/bailey_drive/share/bailey_drive/package.sh'
[4.584s] INFO:colcon.colcon_core.shell:Creating package script '/home/paolo/NAS/Software/ROS2/Bailey/bailey/install/bailey_drive/share/bailey_drive/package.bash'
[4.610s] INFO:colcon.colcon_core.shell:Creating package script '/home/paolo/NAS/Software/ROS2/Bailey/bailey/install/bailey_drive/share/bailey_drive/package.zsh'
[4.631s] Level 1:colcon.colcon_core.environment:create_file_with_runtime_dependencies(/home/paolo/NAS/Software/ROS2/Bailey/bailey/install/bailey_drive/share/colcon-core/packages/bailey_drive)
[4.652s] INFO:colcon.colcon_ros.task.ament_python.build:Building ROS package in '/home/paolo/NAS/Software/ROS2/Bailey/bailey/src/ros2_rtimulib' with build type 'ament_python'
[4.653s] Level 1:colcon.colcon_core.shell:create_environment_hook('ros2_rtimulib', 'ament_prefix_path')
[4.656s] INFO:colcon.colcon_core.shell:Creating environment hook '/home/paolo/NAS/Software/ROS2/Bailey/bailey/install/ros2_rtimulib/share/ros2_rtimulib/hook/ament_prefix_path.ps1'
[4.716s] INFO:colcon.colcon_core.shell:Creating environment descriptor '/home/paolo/NAS/Software/ROS2/Bailey/bailey/install/ros2_rtimulib/share/ros2_rtimulib/hook/ament_prefix_path.dsv'
[4.740s] INFO:colcon.colcon_core.shell:Creating environment hook '/home/paolo/NAS/Software/ROS2/Bailey/bailey/install/ros2_rtimulib/share/ros2_rtimulib/hook/ament_prefix_path.sh'
[4.760s] INFO:colcon.colcon_core.shell:Skip shell extension 'powershell' for command environment: Not usable outside of PowerShell
[4.761s] DEBUG:colcon.colcon_core.shell:Skip shell extension 'dsv' for command environment
[4.785s] DEBUG:colcon.colcon_core.shell:Ignoring prefix path '/opt/ros/foxy'
[5.750s] Level 1:colcon.colcon_core.environment:checking '/home/paolo/NAS/Software/ROS2/Bailey/bailey/install/camera_pan_tilt' for CMake module files
[5.754s] DEBUG:colcon.colcon_core.event_handler.log_command:Invoked command in '/home/paolo/NAS/Software/ROS2/Bailey/bailey/src/camera_pan_tilt' returned '0': PYTHONPATH=/home/paolo/NAS/Software/ROS2/Bailey/bailey/install/camera_pan_tilt/lib/python3.8/site-packages:${PYTHONPATH} /usr/bin/python3 setup.py egg_info --egg-base ../../build/camera_pan_tilt build --build-base /home/paolo/NAS/Software/ROS2/Bailey/bailey/build/camera_pan_tilt/build install --prefix /home/paolo/NAS/Software/ROS2/Bailey/bailey/install/camera_pan_tilt --record /home/paolo/NAS/Software/ROS2/Bailey/bailey/build/camera_pan_tilt/install.log --single-version-externally-managed
[5.776s] Level 1:colcon.colcon_core.environment:checking '/home/paolo/NAS/Software/ROS2/Bailey/bailey/install/camera_pan_tilt' for CMake config files
[5.828s] Level 1:colcon.colcon_core.environment:checking '/home/paolo/NAS/Software/ROS2/Bailey/bailey/install/camera_pan_tilt/lib'
[5.833s] Level 1:colcon.colcon_core.environment:checking '/home/paolo/NAS/Software/ROS2/Bailey/bailey/install/camera_pan_tilt/bin'
[5.835s] Level 1:colcon.colcon_core.environment:checking '/home/paolo/NAS/Software/ROS2/Bailey/bailey/install/camera_pan_tilt/lib/pkgconfig/camera_pan_tilt.pc'
[5.838s] Level 1:colcon.colcon_core.environment:checking '/home/paolo/NAS/Software/ROS2/Bailey/bailey/install/camera_pan_tilt/lib/python3.8/site-packages'
[5.838s] Level 1:colcon.colcon_core.shell:create_environment_hook('camera_pan_tilt', 'pythonpath')
[5.839s] INFO:colcon.colcon_core.shell:Creating environment hook '/home/paolo/NAS/Software/ROS2/Bailey/bailey/install/camera_pan_tilt/share/camera_pan_tilt/hook/pythonpath.ps1'
[5.856s] INFO:colcon.colcon_core.shell:Creating environment descriptor '/home/paolo/NAS/Software/ROS2/Bailey/bailey/install/camera_pan_tilt/share/camera_pan_tilt/hook/pythonpath.dsv'
[5.872s] INFO:colcon.colcon_core.shell:Creating environment hook '/home/paolo/NAS/Software/ROS2/Bailey/bailey/install/camera_pan_tilt/share/camera_pan_tilt/hook/pythonpath.sh'
[5.887s] Level 1:colcon.colcon_core.environment:create_environment_scripts_only(camera_pan_tilt)
[5.889s] INFO:colcon.colcon_core.shell:Creating package script '/home/paolo/NAS/Software/ROS2/Bailey/bailey/install/camera_pan_tilt/share/camera_pan_tilt/package.ps1'
[5.909s] INFO:colcon.colcon_core.shell:Creating package descriptor '/home/paolo/NAS/Software/ROS2/Bailey/bailey/install/camera_pan_tilt/share/camera_pan_tilt/package.dsv'
[5.929s] INFO:colcon.colcon_core.shell:Creating package script '/home/paolo/NAS/Software/ROS2/Bailey/bailey/install/camera_pan_tilt/share/camera_pan_tilt/package.sh'
[5.946s] INFO:colcon.colcon_core.shell:Creating package script '/home/paolo/NAS/Software/ROS2/Bailey/bailey/install/camera_pan_tilt/share/camera_pan_tilt/package.bash'
[5.964s] INFO:colcon.colcon_core.shell:Creating package script '/home/paolo/NAS/Software/ROS2/Bailey/bailey/install/camera_pan_tilt/share/camera_pan_tilt/package.zsh'
[5.979s] Level 1:colcon.colcon_core.environment:create_file_with_runtime_dependencies(/home/paolo/NAS/Software/ROS2/Bailey/bailey/install/camera_pan_tilt/share/colcon-core/packages/camera_pan_tilt)
[5.998s] Level 1:colcon.colcon_core.environment:checking '/home/paolo/NAS/Software/ROS2/Bailey/bailey/install/jetbot_sys_info' for CMake module files
[6.030s] DEBUG:colcon.colcon_core.event_handler.log_command:Invoked command in '/home/paolo/NAS/Software/ROS2/Bailey/bailey/src/jetbot_sys_info' returned '0': PYTHONPATH=/home/paolo/NAS/Software/ROS2/Bailey/bailey/install/jetbot_sys_info/lib/python3.8/site-packages:${PYTHONPATH} /usr/bin/python3 setup.py egg_info --egg-base ../../build/jetbot_sys_info build --build-base /home/paolo/NAS/Software/ROS2/Bailey/bailey/build/jetbot_sys_info/build install --prefix /home/paolo/NAS/Software/ROS2/Bailey/bailey/install/jetbot_sys_info --record /home/paolo/NAS/Software/ROS2/Bailey/bailey/build/jetbot_sys_info/install.log --single-version-externally-managed
[6.037s] Level 1:colcon.colcon_core.environment:checking '/home/paolo/NAS/Software/ROS2/Bailey/bailey/install/jetbot_sys_info' for CMake config files
[6.100s] Level 1:colcon.colcon_core.environment:checking '/home/paolo/NAS/Software/ROS2/Bailey/bailey/install/jetbot_sys_info/lib'
[6.105s] Level 1:colcon.colcon_core.environment:checking '/home/paolo/NAS/Software/ROS2/Bailey/bailey/install/jetbot_sys_info/bin'
[6.108s] Level 1:colcon.colcon_core.environment:checking '/home/paolo/NAS/Software/ROS2/Bailey/bailey/install/jetbot_sys_info/lib/pkgconfig/jetbot_sys_info.pc'
[6.112s] Level 1:colcon.colcon_core.environment:checking '/home/paolo/NAS/Software/ROS2/Bailey/bailey/install/jetbot_sys_info/lib/python3.8/site-packages'
[6.112s] Level 1:colcon.colcon_core.shell:create_environment_hook('jetbot_sys_info', 'pythonpath')
[6.115s] INFO:colcon.colcon_core.shell:Creating environment hook '/home/paolo/NAS/Software/ROS2/Bailey/bailey/install/jetbot_sys_info/share/jetbot_sys_info/hook/pythonpath.ps1'
[6.130s] INFO:colcon.colcon_core.shell:Creating environment descriptor '/home/paolo/NAS/Software/ROS2/Bailey/bailey/install/jetbot_sys_info/share/jetbot_sys_info/hook/pythonpath.dsv'
[6.146s] INFO:colcon.colcon_core.shell:Creating environment hook '/home/paolo/NAS/Software/ROS2/Bailey/bailey/install/jetbot_sys_info/share/jetbot_sys_info/hook/pythonpath.sh'
[6.162s] Level 1:colcon.colcon_core.environment:create_environment_scripts_only(jetbot_sys_info)
[6.165s] INFO:colcon.colcon_core.shell:Creating package script '/home/paolo/NAS/Software/ROS2/Bailey/bailey/install/jetbot_sys_info/share/jetbot_sys_info/package.ps1'
[6.184s] INFO:colcon.colcon_core.shell:Creating package descriptor '/home/paolo/NAS/Software/ROS2/Bailey/bailey/install/jetbot_sys_info/share/jetbot_sys_info/package.dsv'
[6.199s] INFO:colcon.colcon_core.shell:Creating package script '/home/paolo/NAS/Software/ROS2/Bailey/bailey/install/jetbot_sys_info/share/jetbot_sys_info/package.sh'
[6.216s] INFO:colcon.colcon_core.shell:Creating package script '/home/paolo/NAS/Software/ROS2/Bailey/bailey/install/jetbot_sys_info/share/jetbot_sys_info/package.bash'
[6.231s] INFO:colcon.colcon_core.shell:Creating package script '/home/paolo/NAS/Software/ROS2/Bailey/bailey/install/jetbot_sys_info/share/jetbot_sys_info/package.zsh'
[6.248s] Level 1:colcon.colcon_core.environment:create_file_with_runtime_dependencies(/home/paolo/NAS/Software/ROS2/Bailey/bailey/install/jetbot_sys_info/share/colcon-core/packages/jetbot_sys_info)
[6.269s] Level 1:colcon.colcon_core.environment:checking '/home/paolo/NAS/Software/ROS2/Bailey/bailey/install/camera' for CMake module files
[6.301s] DEBUG:colcon.colcon_core.event_handler.log_command:Invoked command in '/home/paolo/NAS/Software/ROS2/Bailey/bailey/src/camera' returned '0': PYTHONPATH=/home/paolo/NAS/Software/ROS2/Bailey/bailey/install/camera/lib/python3.8/site-packages:${PYTHONPATH} /usr/bin/python3 setup.py egg_info --egg-base ../../build/camera build --build-base /home/paolo/NAS/Software/ROS2/Bailey/bailey/build/camera/build install --prefix /home/paolo/NAS/Software/ROS2/Bailey/bailey/install/camera --record /home/paolo/NAS/Software/ROS2/Bailey/bailey/build/camera/install.log --single-version-externally-managed
[6.305s] Level 1:colcon.colcon_core.environment:checking '/home/paolo/NAS/Software/ROS2/Bailey/bailey/install/camera' for CMake config files
[6.374s] Level 1:colcon.colcon_core.environment:checking '/home/paolo/NAS/Software/ROS2/Bailey/bailey/install/camera/lib'
[6.378s] Level 1:colcon.colcon_core.environment:checking '/home/paolo/NAS/Software/ROS2/Bailey/bailey/install/camera/bin'
[6.379s] Level 1:colcon.colcon_core.environment:checking '/home/paolo/NAS/Software/ROS2/Bailey/bailey/install/camera/lib/pkgconfig/camera.pc'
[6.382s] Level 1:colcon.colcon_core.environment:checking '/home/paolo/NAS/Software/ROS2/Bailey/bailey/install/camera/lib/python3.8/site-packages'
[6.382s] Level 1:colcon.colcon_core.shell:create_environment_hook('camera', 'pythonpath')
[6.384s] INFO:colcon.colcon_core.shell:Creating environment hook '/home/paolo/NAS/Software/ROS2/Bailey/bailey/install/camera/share/camera/hook/pythonpath.ps1'
[6.400s] INFO:colcon.colcon_core.shell:Creating environment descriptor '/home/paolo/NAS/Software/ROS2/Bailey/bailey/install/camera/share/camera/hook/pythonpath.dsv'
[6.416s] INFO:colcon.colcon_core.shell:Creating environment hook '/home/paolo/NAS/Software/ROS2/Bailey/bailey/install/camera/share/camera/hook/pythonpath.sh'
[6.433s] Level 1:colcon.colcon_core.environment:create_environment_scripts_only(camera)
[6.436s] INFO:colcon.colcon_core.shell:Creating package script '/home/paolo/NAS/Software/ROS2/Bailey/bailey/install/camera/share/camera/package.ps1'
[6.454s] INFO:colcon.colcon_core.shell:Creating package descriptor '/home/paolo/NAS/Software/ROS2/Bailey/bailey/install/camera/share/camera/package.dsv'
[6.470s] INFO:colcon.colcon_core.shell:Creating package script '/home/paolo/NAS/Software/ROS2/Bailey/bailey/install/camera/share/camera/package.sh'
[6.488s] INFO:colcon.colcon_core.shell:Creating package script '/home/paolo/NAS/Software/ROS2/Bailey/bailey/install/camera/share/camera/package.bash'
[6.503s] INFO:colcon.colcon_core.shell:Creating package script '/home/paolo/NAS/Software/ROS2/Bailey/bailey/install/camera/share/camera/package.zsh'
[6.520s] Level 1:colcon.colcon_core.environment:create_file_with_runtime_dependencies(/home/paolo/NAS/Software/ROS2/Bailey/bailey/install/camera/share/colcon-core/packages/camera)
[6.847s] INFO:colcon.colcon_core.task.python.build:Building Python package in '/home/paolo/NAS/Software/ROS2/Bailey/bailey/src/ros2_rtimulib'
[6.848s] INFO:colcon.colcon_core.shell:Skip shell extension 'powershell' for command environment: Not usable outside of PowerShell
[6.848s] DEBUG:colcon.colcon_core.shell:Skip shell extension 'dsv' for command environment
[6.863s] DEBUG:colcon.colcon_core.shell:Ignoring prefix path '/opt/ros/foxy'
[6.985s] DEBUG:colcon.colcon_core.event_handler.log_command:Invoking command in '/home/paolo/NAS/Software/ROS2/Bailey/bailey/src/ros2_rtimulib': PYTHONPATH=/home/paolo/NAS/Software/ROS2/Bailey/bailey/install/ros2_rtimulib/lib/python3.8/site-packages:${PYTHONPATH} /usr/bin/python3 setup.py egg_info --egg-base ../../build/ros2_rtimulib build --build-base /home/paolo/NAS/Software/ROS2/Bailey/bailey/build/ros2_rtimulib/build install --prefix /home/paolo/NAS/Software/ROS2/Bailey/bailey/install/ros2_rtimulib --record /home/paolo/NAS/Software/ROS2/Bailey/bailey/build/ros2_rtimulib/install.log --single-version-externally-managed
[8.493s] Level 1:colcon.colcon_core.environment:checking '/home/paolo/NAS/Software/ROS2/Bailey/bailey/install/ros2_rtimulib' for CMake module files
[8.494s] DEBUG:colcon.colcon_core.event_handler.log_command:Invoked command in '/home/paolo/NAS/Software/ROS2/Bailey/bailey/src/ros2_rtimulib' returned '0': PYTHONPATH=/home/paolo/NAS/Software/ROS2/Bailey/bailey/install/ros2_rtimulib/lib/python3.8/site-packages:${PYTHONPATH} /usr/bin/python3 setup.py egg_info --egg-base ../../build/ros2_rtimulib build --build-base /home/paolo/NAS/Software/ROS2/Bailey/bailey/build/ros2_rtimulib/build install --prefix /home/paolo/NAS/Software/ROS2/Bailey/bailey/install/ros2_rtimulib --record /home/paolo/NAS/Software/ROS2/Bailey/bailey/build/ros2_rtimulib/install.log --single-version-externally-managed
[8.541s] Level 1:colcon.colcon_core.environment:checking '/home/paolo/NAS/Software/ROS2/Bailey/bailey/install/ros2_rtimulib' for CMake config files
[8.625s] Level 1:colcon.colcon_core.environment:checking '/home/paolo/NAS/Software/ROS2/Bailey/bailey/install/ros2_rtimulib/lib'
[8.630s] Level 1:colcon.colcon_core.environment:checking '/home/paolo/NAS/Software/ROS2/Bailey/bailey/install/ros2_rtimulib/bin'
[8.632s] Level 1:colcon.colcon_core.environment:checking '/home/paolo/NAS/Software/ROS2/Bailey/bailey/install/ros2_rtimulib/lib/pkgconfig/ros2_rtimulib.pc'
[8.634s] Level 1:colcon.colcon_core.environment:checking '/home/paolo/NAS/Software/ROS2/Bailey/bailey/install/ros2_rtimulib/lib/python3.8/site-packages'
[8.635s] Level 1:colcon.colcon_core.shell:create_environment_hook('ros2_rtimulib', 'pythonpath')
[8.637s] INFO:colcon.colcon_core.shell:Creating environment hook '/home/paolo/NAS/Software/ROS2/Bailey/bailey/install/ros2_rtimulib/share/ros2_rtimulib/hook/pythonpath.ps1'
[8.653s] INFO:colcon.colcon_core.shell:Creating environment descriptor '/home/paolo/NAS/Software/ROS2/Bailey/bailey/install/ros2_rtimulib/share/ros2_rtimulib/hook/pythonpath.dsv'
[8.670s] INFO:colcon.colcon_core.shell:Creating environment hook '/home/paolo/NAS/Software/ROS2/Bailey/bailey/install/ros2_rtimulib/share/ros2_rtimulib/hook/pythonpath.sh'
[8.686s] Level 1:colcon.colcon_core.environment:create_environment_scripts_only(ros2_rtimulib)
[8.689s] INFO:colcon.colcon_core.shell:Creating package script '/home/paolo/NAS/Software/ROS2/Bailey/bailey/install/ros2_rtimulib/share/ros2_rtimulib/package.ps1'
[8.707s] INFO:colcon.colcon_core.shell:Creating package descriptor '/home/paolo/NAS/Software/ROS2/Bailey/bailey/install/ros2_rtimulib/share/ros2_rtimulib/package.dsv'
[8.723s] INFO:colcon.colcon_core.shell:Creating package script '/home/paolo/NAS/Software/ROS2/Bailey/bailey/install/ros2_rtimulib/share/ros2_rtimulib/package.sh'
[8.740s] INFO:colcon.colcon_core.shell:Creating package script '/home/paolo/NAS/Software/ROS2/Bailey/bailey/install/ros2_rtimulib/share/ros2_rtimulib/package.bash'
[8.755s] INFO:colcon.colcon_core.shell:Creating package script '/home/paolo/NAS/Software/ROS2/Bailey/bailey/install/ros2_rtimulib/share/ros2_rtimulib/package.zsh'
[8.773s] Level 1:colcon.colcon_core.environment:create_file_with_runtime_dependencies(/home/paolo/NAS/Software/ROS2/Bailey/bailey/install/ros2_rtimulib/share/colcon-core/packages/ros2_rtimulib)
[8.794s] DEBUG:colcon.colcon_parallel_executor.executor.parallel:closing loop
[8.795s] DEBUG:colcon.colcon_parallel_executor.executor.parallel:loop closed
[8.796s] DEBUG:colcon.colcon_parallel_executor.executor.parallel:run_until_complete finished with '0'
[8.796s] DEBUG:colcon.colcon_core.event_reactor:joining thread
[8.886s] INFO:colcon.colcon_core.plugin_system:Skipping extension 'colcon_notification.desktop_notification.terminal_notifier': Not used on non-Darwin systems
[8.886s] INFO:colcon.colcon_core.plugin_system:Skipping extension 'colcon_notification.desktop_notification.win32': Not used on non-Windows systems
[8.887s] INFO:colcon.colcon_notification.desktop_notification:Sending desktop notification using 'notify2'
[8.912s] DEBUG:colcon.colcon_core.event_reactor:joined thread
[8.913s] INFO:colcon.colcon_core.shell:Creating prefix script '/home/paolo/NAS/Software/ROS2/Bailey/bailey/install/local_setup.ps1'
[8.929s] INFO:colcon.colcon_core.shell:Creating prefix util module '/home/paolo/NAS/Software/ROS2/Bailey/bailey/install/_local_setup_util_ps1.py'
[8.950s] INFO:colcon.colcon_core.shell:Creating prefix chain script '/home/paolo/NAS/Software/ROS2/Bailey/bailey/install/setup.ps1'
[8.971s] INFO:colcon.colcon_core.shell:Creating prefix script '/home/paolo/NAS/Software/ROS2/Bailey/bailey/install/local_setup.sh'
[8.987s] INFO:colcon.colcon_core.shell:Creating prefix util module '/home/paolo/NAS/Software/ROS2/Bailey/bailey/install/_local_setup_util_sh.py'
[9.002s] INFO:colcon.colcon_core.shell:Creating prefix chain script '/home/paolo/NAS/Software/ROS2/Bailey/bailey/install/setup.sh'
[9.025s] INFO:colcon.colcon_core.shell:Creating prefix script '/home/paolo/NAS/Software/ROS2/Bailey/bailey/install/local_setup.bash'
[9.041s] INFO:colcon.colcon_core.shell:Creating prefix chain script '/home/paolo/NAS/Software/ROS2/Bailey/bailey/install/setup.bash'
[9.063s] INFO:colcon.colcon_core.shell:Creating prefix script '/home/paolo/NAS/Software/ROS2/Bailey/bailey/install/local_setup.zsh'
[9.081s] INFO:colcon.colcon_core.shell:Creating prefix chain script '/home/paolo/NAS/Software/ROS2/Bailey/bailey/install/setup.zsh'
